[:01000002] LAUNCH snlua bootstrap
[:01000003] LAUNCH snlua launcher
[:01000004] LAUNCH snlua cmaster
[:01000004] master listen socket 0.0.0.0:3013
[:01000005] LAUNCH snlua cslave
[:01000005] slave connect to master 127.0.0.1:3013
[:01000004] connect from 127.0.0.1:57418 4
[:01000006] LAUNCH harbor 1 16777221
[:01000004] Harbor 1 (fd=4) report 127.0.0.1:3526
[:01000005] Waiting for 0 harbors
[:01000005] Shakehand ready
[:01000007] LAUNCH snlua datacenterd
[:01000008] LAUNCH snlua service_mgr
[:01000009] LAUNCH snlua main
[:0100000a] LAUNCH snlua logd
[:0100000b] LAUNCH snlua debug_console 6000
[:0100000b] Start debug console at 127.0.0.1:6000
[:0100000c] LAUNCH snlua sprotod
[:0100000d] LAUNCH snlua configd
[:0100000e] LAUNCH snlua timed
[:0100000f] LAUNCH snlua multicastd
[:01000010] LAUNCH snlua mysqld
[:01000010] success to connect to mysql server
[:01000010] success to create procedure
[:01000010] success to create procedure
[:01000010] success to create procedure
[:01000011] LAUNCH snlua redisd
[:01000011] redis connect sucess
[:01000012] LAUNCH snlua activityd
[:01000012] activityd redis connect sucess
[:01000012] activityd player_connect connect sucess
[:01000013] LAUNCH snlua newspaperd
[:01000013] newspaperd redis connect sucess
[:01000014] LAUNCH snlua recommend
[:01000014] recommend redis connect sucess
[:01000014] E|
 1000000 9
[:01000014] E|玻璃 9
[:01000014] E|砖块 21
[:01000014] E|水泥 10
[:01000014] E|锤子 6
[:01000014] E|钉子 8
[:01000014] E|油漆 9
[:01000014] E|铲子 4
[:01000014] E|斧头 10
[:01000014] E|锯子 8
[:01000014] E|
 1000001 0
[:01000014] E|玻璃 0
[:01000014] E|砖块 0
[:01000014] E|水泥 0
[:01000014] E|锤子 0
[:01000014] E|钉子 0
[:01000014] E|油漆 0
[:01000014] E|铲子 0
[:01000014] E|斧头 0
[:01000014] E|锯子 0
[:01000014] E|
 1000002 5
[:01000014] E|玻璃 3
[:01000014] E|砖块 5
[:01000014] E|水泥 0
[:01000014] E|锤子 3
[:01000014] E|钉子 3
[:01000014] E|油漆 3
[:01000014] E|铲子 3
[:01000014] E|斧头 2
[:01000014] E|锯子 0
[:01000014] E|
 1000003 0
[:01000014] E|玻璃 0
[:01000014] E|砖块 1
[:01000014] E|水泥 0
[:01000014] E|锤子 0
[:01000014] E|钉子 0
[:01000014] E|油漆 0
[:01000014] E|铲子 0
[:01000014] E|斧头 0
[:01000014] E|锯子 0
[:01000014] E|
 1000004 3
[:01000014] E|玻璃 2
[:01000014] E|砖块 6
[:01000014] E|水泥 1
[:01000014] E|锤子 11
[:01000014] E|钉子 11
[:01000014] E|油漆 12
[:01000014] E|铲子 6
[:01000014] E|斧头 6
[:01000014] E|锯子 6
[:01000014] E|
 1000005 0
[:01000014] E|玻璃 0
[:01000014] E|砖块 1
[:01000014] E|水泥 0
[:01000014] E|锤子 0
[:01000014] E|钉子 0
[:01000014] E|油漆 0
[:01000014] E|铲子 0
[:01000014] E|斧头 0
[:01000014] E|锯子 0
[:01000014] E|
 1000006 0
[:01000014] E|玻璃 0
[:01000014] E|砖块 0
[:01000014] E|水泥 0
[:01000014] E|锤子 0
[:01000014] E|钉子 0
[:01000014] E|油漆 0
[:01000014] E|铲子 0
[:01000014] E|斧头 0
[:01000014] E|锯子 0
[:01000014] E|
 1000007 0
[:01000014] E|玻璃 0
[:01000014] E|砖块 0
[:01000014] E|水泥 0
[:01000014] E|锤子 0
[:01000014] E|钉子 0
[:01000014] E|油漆 0
[:01000014] E|铲子 0
[:01000014] E|斧头 0
[:01000014] E|锯子 0
[:01000014] E|
 1000008 2
[:01000014] E|玻璃 1
[:01000014] E|砖块 1
[:01000014] E|水泥 0
[:01000014] E|锤子 3
[:01000014] E|钉子 3
[:01000014] E|油漆 2
[:01000014] E|铲子 2
[:01000014] E|斧头 1
[:01000014] E|锯子 2
[:01000014] E|
 1000009 20
[:01000014] E|玻璃 8
[:01000014] E|砖块 3
[:01000014] E|水泥 0
[:01000014] E|锤子 31
[:01000014] E|钉子 20
[:01000014] E|油漆 16
[:01000014] E|铲子 13
[:01000014] E|斧头 5
[:01000014] E|锯子 16
[:01000014] E|
 1000010 0
[:01000014] E|玻璃 0
[:01000014] E|砖块 0
[:01000014] E|水泥 0
[:01000014] E|锤子 0
[:01000014] E|钉子 0
[:01000014] E|油漆 0
[:01000014] E|铲子 0
[:01000014] E|斧头 0
[:01000014] E|锯子 0
[:01000014] E|
 1000011 0
[:01000014] E|玻璃 0
[:01000014] E|砖块 0
[:01000014] E|水泥 0
[:01000014] E|锤子 0
[:01000014] E|钉子 0
[:01000014] E|油漆 0
[:01000014] E|铲子 0
[:01000014] E|斧头 0
[:01000014] E|锯子 0
[:01000014] E|
 1000012 2
[:01000014] E|玻璃 3
[:01000014] E|砖块 3
[:01000014] E|水泥 2
[:01000014] E|锤子 0
[:01000014] E|钉子 0
[:01000014] E|油漆 0
[:01000014] E|铲子 0
[:01000014] E|斧头 0
[:01000014] E|锯子 0
[:01000014] E|
 1000013 7
[:01000014] E|玻璃 5
[:01000014] E|砖块 11
[:01000014] E|水泥 8
[:01000014] E|锤子 10
[:01000014] E|钉子 0
[:01000014] E|油漆 10
[:01000014] E|铲子 11
[:01000014] E|斧头 8
[:01000014] E|锯子 12
[:01000014] E|
 1000014 12
[:01000014] E|玻璃 42
[:01000014] E|砖块 37
[:01000014] E|水泥 42
[:01000014] E|锤子 4
[:01000014] E|钉子 12
[:01000014] E|油漆 4
[:01000014] E|铲子 8
[:01000014] E|斧头 17
[:01000014] E|锯子 14
[:01000014] E|
 1000015 0
[:01000014] E|玻璃 0
[:01000014] E|砖块 0
[:01000014] E|水泥 0
[:01000014] E|锤子 0
[:01000014] E|钉子 0
[:01000014] E|油漆 0
[:01000014] E|铲子 0
[:01000014] E|斧头 0
[:01000014] E|锯子 0
[:01000014] E|
 1000016 1
[:01000014] E|玻璃 4
[:01000014] E|砖块 6
[:01000014] E|水泥 6
[:01000014] E|锤子 0
[:01000014] E|钉子 0
[:01000014] E|油漆 0
[:01000014] E|铲子 0
[:01000014] E|斧头 0
[:01000014] E|锯子 1
[:01000014] E|
 1000017 21
[:01000014] E|玻璃 11
[:01000014] E|砖块 13
[:01000014] E|水泥 10
[:01000014] E|锤子 40
[:01000014] E|钉子 21
[:01000014] E|油漆 38
[:01000014] E|铲子 8
[:01000014] E|斧头 15
[:01000014] E|锯子 10
[:01000014] E|
 1000018 0
[:01000014] E|玻璃 1
[:01000014] E|砖块 1
[:01000014] E|水泥 0
[:01000014] E|锤子 0
[:01000014] E|钉子 0
[:01000014] E|油漆 0
[:01000014] E|铲子 0
[:01000014] E|斧头 0
[:01000014] E|锯子 0
[:01000014] E|
 1000019 0
[:01000014] E|玻璃 1
[:01000014] E|砖块 1
[:01000014] E|水泥 0
[:01000014] E|锤子 0
[:01000014] E|钉子 0
[:01000014] E|油漆 0
[:01000014] E|铲子 0
[:01000014] E|斧头 0
[:01000014] E|锯子 0
[:01000014] E|
 1000020 5
[:01000014] E|玻璃 0
[:01000014] E|砖块 0
[:01000014] E|水泥 0
[:01000014] E|锤子 0
[:01000014] E|钉子 0
[:01000014] E|油漆 0
[:01000014] E|铲子 0
[:01000014] E|斧头 0
[:01000014] E|锯子 0
[:01000014] E|
 1000021 0
[:01000014] E|玻璃 0
[:01000014] E|砖块 0
[:01000014] E|水泥 0
[:01000014] E|锤子 0
[:01000014] E|钉子 0
[:01000014] E|油漆 0
[:01000014] E|铲子 0
[:01000014] E|斧头 0
[:01000014] E|锯子 0
[:01000014] E|
 1000022 0
[:01000014] E|玻璃 0
[:01000014] E|砖块 0
[:01000014] E|水泥 0
[:01000014] E|锤子 0
[:01000014] E|钉子 0
[:01000014] E|油漆 0
[:01000014] E|铲子 0
[:01000014] E|斧头 0
[:01000014] E|锯子 0
[:01000014] E|
 1000023 5
[:01000014] E|玻璃 0
[:01000014] E|砖块 1
[:01000014] E|水泥 0
[:01000014] E|锤子 0
[:01000014] E|钉子 0
[:01000014] E|油漆 0
[:01000014] E|铲子 0
[:01000014] E|斧头 0
[:01000014] E|锯子 0
[:01000014] E|
 1000024 12
[:01000014] E|玻璃 5
[:01000014] E|砖块 32
[:01000014] E|水泥 19
[:01000014] E|锤子 27
[:01000014] E|钉子 9
[:01000014] E|油漆 3
[:01000014] E|铲子 7
[:01000014] E|斧头 21
[:01000014] E|锯子 2
[:01000014] E|
 1000025 0
[:01000014] E|玻璃 0
[:01000014] E|砖块 0
[:01000014] E|水泥 0
[:01000014] E|锤子 0
[:01000014] E|钉子 0
[:01000014] E|油漆 0
[:01000014] E|铲子 0
[:01000014] E|斧头 0
[:01000014] E|锯子 0
[:01000014] E|
 1000026 0
[:01000014] E|玻璃 0
[:01000014] E|砖块 0
[:01000014] E|水泥 0
[:01000014] E|锤子 0
[:01000014] E|钉子 0
[:01000014] E|油漆 0
[:01000014] E|铲子 0
[:01000014] E|斧头 0
[:01000014] E|锯子 0
[:01000014] E|
 1000027 19
[:01000014] E|玻璃 14
[:01000014] E|砖块 28
[:01000014] E|水泥 38
[:01000014] E|锤子 6
[:01000014] E|钉子 36
[:01000014] E|油漆 50
[:01000014] E|铲子 8
[:01000014] E|斧头 18
[:01000014] E|锯子 13
[:01000014] E|
 1000028 0
[:01000014] E|玻璃 3
[:01000014] E|砖块 3
[:01000014] E|水泥 2
[:01000014] E|锤子 0
[:01000014] E|钉子 0
[:01000014] E|油漆 0
[:01000014] E|铲子 0
[:01000014] E|斧头 0
[:01000014] E|锯子 0
[:01000014] E|
 1000029 0
[:01000014] E|玻璃 0
[:01000014] E|砖块 0
[:01000014] E|水泥 0
[:01000014] E|锤子 0
[:01000014] E|钉子 0
[:01000014] E|油漆 0
[:01000014] E|铲子 0
[:01000014] E|斧头 0
[:01000014] E|锯子 0
[:01000014] E|
 1000030 9
[:01000014] E|玻璃 16
[:01000014] E|砖块 32
[:01000014] E|水泥 26
[:01000014] E|锤子 25
[:01000014] E|钉子 8
[:01000014] E|油漆 5
[:01000014] E|铲子 2
[:01000014] E|斧头 4
[:01000014] E|锯子 6
[:01000014] E|
 1000031 0
[:01000014] E|玻璃 0
[:01000014] E|砖块 1
[:01000014] E|水泥 0
[:01000014] E|锤子 0
[:01000014] E|钉子 0
[:01000014] E|油漆 0
[:01000014] E|铲子 0
[:01000014] E|斧头 0
[:01000014] E|锯子 0
[:01000014] E|
 1000032 3
[:01000014] E|玻璃 3
[:01000014] E|砖块 5
[:01000014] E|水泥 0
[:01000014] E|锤子 0
[:01000014] E|钉子 1
[:01000014] E|油漆 1
[:01000014] E|铲子 0
[:01000014] E|斧头 4
[:01000014] E|锯子 1
[:01000014] E|
 1000033 0
[:01000014] E|玻璃 0
[:01000014] E|砖块 0
[:01000014] E|水泥 0
[:01000014] E|锤子 0
[:01000014] E|钉子 0
[:01000014] E|油漆 0
[:01000014] E|铲子 0
[:01000014] E|斧头 0
[:01000014] E|锯子 0
[:01000014] E|
 1000034 0
[:01000014] E|玻璃 0
[:01000014] E|砖块 0
[:01000014] E|水泥 0
[:01000014] E|锤子 0
[:01000014] E|钉子 0
[:01000014] E|油漆 0
[:01000014] E|铲子 0
[:01000014] E|斧头 0
[:01000014] E|锯子 0
[:01000014] E|
 1000035 0
[:01000014] E|玻璃 0
[:01000014] E|砖块 1
[:01000014] E|水泥 0
[:01000014] E|锤子 0
[:01000014] E|钉子 0
[:01000014] E|油漆 0
[:01000014] E|铲子 0
[:01000014] E|斧头 0
[:01000014] E|锯子 0
[:01000014] E|
 1000036 0
[:01000014] E|玻璃 2
[:01000014] E|砖块 2
[:01000014] E|水泥 0
[:01000014] E|锤子 0
[:01000014] E|钉子 0
[:01000014] E|油漆 0
[:01000014] E|铲子 0
[:01000014] E|斧头 0
[:01000014] E|锯子 0
[:01000014] E|
 1000037 6
[:01000014] E|玻璃 12
[:01000014] E|砖块 11
[:01000014] E|水泥 4
[:01000014] E|锤子 5
[:01000014] E|钉子 3
[:01000014] E|油漆 7
[:01000014] E|铲子 4
[:01000014] E|斧头 2
[:01000014] E|锯子 4
[:01000014] E|
 1000038 0
[:01000014] E|玻璃 0
[:01000014] E|砖块 0
[:01000014] E|水泥 0
[:01000014] E|锤子 0
[:01000014] E|钉子 0
[:01000014] E|油漆 0
[:01000014] E|铲子 0
[:01000014] E|斧头 0
[:01000014] E|锯子 0
[:01000014] E|
 1000039 0
[:01000014] E|玻璃 0
[:01000014] E|砖块 0
[:01000014] E|水泥 0
[:01000014] E|锤子 0
[:01000014] E|钉子 0
[:01000014] E|油漆 0
[:01000014] E|铲子 0
[:01000014] E|斧头 0
[:01000014] E|锯子 0
[:01000014] E|
 1000040 0
[:01000014] E|玻璃 0
[:01000014] E|砖块 0
[:01000014] E|水泥 0
[:01000014] E|锤子 0
[:01000014] E|钉子 0
[:01000014] E|油漆 0
[:01000014] E|铲子 0
[:01000014] E|斧头 0
[:01000014] E|锯子 0
[:01000014] E|
 1000041 0
[:01000014] E|玻璃 0
[:01000014] E|砖块 0
[:01000014] E|水泥 0
[:01000014] E|锤子 0
[:01000014] E|钉子 0
[:01000014] E|油漆 0
[:01000014] E|铲子 0
[:01000014] E|斧头 0
[:01000014] E|锯子 0
[:01000014] E|
 1000042 0
[:01000014] E|玻璃 3
[:01000014] E|砖块 3
[:01000014] E|水泥 2
[:01000014] E|锤子 0
[:01000014] E|钉子 0
[:01000014] E|油漆 0
[:01000014] E|铲子 0
[:01000014] E|斧头 0
[:01000014] E|锯子 0
[:01000014] E|
 1000043 0
[:01000014] E|玻璃 0
[:01000014] E|砖块 0
[:01000014] E|水泥 0
[:01000014] E|锤子 0
[:01000014] E|钉子 0
[:01000014] E|油漆 0
[:01000014] E|铲子 0
[:01000014] E|斧头 0
[:01000014] E|锯子 0
[:01000014] E|
 1000044 1
[:01000014] E|玻璃 0
[:01000014] E|砖块 5
[:01000014] E|水泥 1
[:01000014] E|锤子 1
[:01000014] E|钉子 2
[:01000014] E|油漆 0
[:01000014] E|铲子 1
[:01000014] E|斧头 0
[:01000014] E|锯子 0
[:01000014] E|
 1000045 0
[:01000014] E|玻璃 0
[:01000014] E|砖块 0
[:01000014] E|水泥 0
[:01000014] E|锤子 0
[:01000014] E|钉子 0
[:01000014] E|油漆 0
[:01000014] E|铲子 0
[:01000014] E|斧头 0
[:01000014] E|锯子 0
[:01000014] E|
 1000046 0
[:01000014] E|玻璃 0
[:01000014] E|砖块 1
[:01000014] E|水泥 0
[:01000014] E|锤子 0
[:01000014] E|钉子 0
[:01000014] E|油漆 0
[:01000014] E|铲子 0
[:01000014] E|斧头 0
[:01000014] E|锯子 0
[:01000014] E|
 1000047 0
[:01000014] E|玻璃 0
[:01000014] E|砖块 0
[:01000014] E|水泥 0
[:01000014] E|锤子 0
[:01000014] E|钉子 0
[:01000014] E|油漆 0
[:01000014] E|铲子 0
[:01000014] E|斧头 0
[:01000014] E|锯子 0
[:01000014] E|
 1000048 0
[:01000014] E|玻璃 0
[:01000014] E|砖块 1
[:01000014] E|水泥 0
[:01000014] E|锤子 0
[:01000014] E|钉子 0
[:01000014] E|油漆 0
[:01000014] E|铲子 0
[:01000014] E|斧头 0
[:01000014] E|锯子 0
[:01000014] E|
 1000049 0
[:01000014] E|玻璃 0
[:01000014] E|砖块 0
[:01000014] E|水泥 0
[:01000014] E|锤子 0
[:01000014] E|钉子 0
[:01000014] E|油漆 0
[:01000014] E|铲子 0
[:01000014] E|斧头 0
[:01000014] E|锯子 0
[:01000014] E|
 1000050 0
[:01000014] E|玻璃 0
[:01000014] E|砖块 1
[:01000014] E|水泥 0
[:01000014] E|锤子 0
[:01000014] E|钉子 0
[:01000014] E|油漆 0
[:01000014] E|铲子 0
[:01000014] E|斧头 0
[:01000014] E|锯子 0
[:01000014] E|
 1000051 0
[:01000014] E|玻璃 0
[:01000014] E|砖块 0
[:01000014] E|水泥 0
[:01000014] E|锤子 0
[:01000014] E|钉子 0
[:01000014] E|油漆 0
[:01000014] E|铲子 0
[:01000014] E|斧头 0
[:01000014] E|锯子 0
[:01000014] E|
 1000052 0
[:01000014] E|玻璃 5
[:01000014] E|砖块 3
[:01000014] E|水泥 2
[:01000014] E|锤子 0
[:01000014] E|钉子 0
[:01000014] E|油漆 0
[:01000014] E|铲子 0
[:01000014] E|斧头 0
[:01000014] E|锯子 0
[:01000014] E|
 1000053 0
[:01000014] E|玻璃 0
[:01000014] E|砖块 1
[:01000014] E|水泥 0
[:01000014] E|锤子 0
[:01000014] E|钉子 0
[:01000014] E|油漆 0
[:01000014] E|铲子 0
[:01000014] E|斧头 0
[:01000014] E|锯子 0
[:01000014] E|
 1000054 1
[:01000014] E|玻璃 0
[:01000014] E|砖块 1
[:01000014] E|水泥 0
[:01000014] E|锤子 1
[:01000014] E|钉子 1
[:01000014] E|油漆 1
[:01000014] E|铲子 0
[:01000014] E|斧头 0
[:01000014] E|锯子 0
[:01000014] E|
 1000055 0
[:01000014] E|玻璃 1
[:01000014] E|砖块 2
[:01000014] E|水泥 0
[:01000014] E|锤子 0
[:01000014] E|钉子 0
[:01000014] E|油漆 0
[:01000014] E|铲子 0
[:01000014] E|斧头 0
[:01000014] E|锯子 0
[:01000014] E|
 1000056 0
[:01000014] E|玻璃 1
[:01000014] E|砖块 1
[:01000014] E|水泥 0
[:01000014] E|锤子 0
[:01000014] E|钉子 0
[:01000014] E|油漆 0
[:01000014] E|铲子 0
[:01000014] E|斧头 0
[:01000014] E|锯子 0
[:01000014] E|
 1000057 2
[:01000014] E|玻璃 0
[:01000014] E|砖块 5
[:01000014] E|水泥 4
[:01000014] E|锤子 3
[:01000014] E|钉子 2
[:01000014] E|油漆 1
[:01000014] E|铲子 0
[:01000014] E|斧头 2
[:01000014] E|锯子 1
[:01000014] E|
 1000058 0
[:01000014] E|玻璃 0
[:01000014] E|砖块 0
[:01000014] E|水泥 0
[:01000014] E|锤子 0
[:01000014] E|钉子 0
[:01000014] E|油漆 0
[:01000014] E|铲子 0
[:01000014] E|斧头 0
[:01000014] E|锯子 0
[:01000014] E|
 1000059 0
[:01000014] E|玻璃 1
[:01000014] E|砖块 1
[:01000014] E|水泥 0
[:01000014] E|锤子 0
[:01000014] E|钉子 0
[:01000014] E|油漆 0
[:01000014] E|铲子 0
[:01000014] E|斧头 0
[:01000014] E|锯子 0
[:01000014] E|
 1000060 0
[:01000014] E|玻璃 0
[:01000014] E|砖块 0
[:01000014] E|水泥 0
[:01000014] E|锤子 0
[:01000014] E|钉子 0
[:01000014] E|油漆 0
[:01000014] E|铲子 0
[:01000014] E|斧头 0
[:01000014] E|锯子 0
[:01000014] E|
 1000061 0
[:01000014] E|玻璃 0
[:01000014] E|砖块 0
[:01000014] E|水泥 0
[:01000014] E|锤子 0
[:01000014] E|钉子 0
[:01000014] E|油漆 0
[:01000014] E|铲子 0
[:01000014] E|斧头 0
[:01000014] E|锯子 0
[:01000014] E|
 1000062 0
[:01000014] E|玻璃 0
[:01000014] E|砖块 0
[:01000014] E|水泥 0
[:01000014] E|锤子 0
[:01000014] E|钉子 0
[:01000014] E|油漆 0
[:01000014] E|铲子 0
[:01000014] E|斧头 0
[:01000014] E|锯子 0
[:01000014] E|
 1000063 3
[:01000014] E|玻璃 4
[:01000014] E|砖块 6
[:01000014] E|水泥 5
[:01000014] E|锤子 1
[:01000014] E|钉子 2
[:01000014] E|油漆 0
[:01000014] E|铲子 2
[:01000014] E|斧头 3
[:01000014] E|锯子 0
[:01000014] E|
 1000064 1
[:01000014] E|玻璃 0
[:01000014] E|砖块 0
[:01000014] E|水泥 0
[:01000014] E|锤子 0
[:01000014] E|钉子 0
[:01000014] E|油漆 0
[:01000014] E|铲子 1
[:01000014] E|斧头 1
[:01000014] E|锯子 1
[:01000014] E|
 1000065 0
[:01000014] E|玻璃 1
[:01000014] E|砖块 1
[:01000014] E|水泥 0
[:01000014] E|锤子 0
[:01000014] E|钉子 0
[:01000014] E|油漆 0
[:01000014] E|铲子 0
[:01000014] E|斧头 0
[:01000014] E|锯子 0
[:01000014] E|
 1000066 8
[:01000014] E|玻璃 14
[:01000014] E|砖块 7
[:01000014] E|水泥 9
[:01000014] E|锤子 2
[:01000014] E|钉子 5
[:01000014] E|油漆 3
[:01000014] E|铲子 29
[:01000014] E|斧头 11
[:01000014] E|锯子 12
[:01000014] E|
 1000067 0
[:01000014] E|玻璃 0
[:01000014] E|砖块 0
[:01000014] E|水泥 0
[:01000014] E|锤子 0
[:01000014] E|钉子 0
[:01000014] E|油漆 0
[:01000014] E|铲子 0
[:01000014] E|斧头 0
[:01000014] E|锯子 0
[:01000014] E|
 1000068 0
[:01000014] E|玻璃 5
[:01000014] E|砖块 4
[:01000014] E|水泥 4
[:01000014] E|锤子 2
[:01000014] E|钉子 1
[:01000014] E|油漆 0
[:01000014] E|铲子 0
[:01000014] E|斧头 0
[:01000014] E|锯子 0
[:01000014] E|
 1000069 5
[:01000014] E|玻璃 7
[:01000014] E|砖块 6
[:01000014] E|水泥 1
[:01000014] E|锤子 1
[:01000014] E|钉子 4
[:01000014] E|油漆 2
[:01000014] E|铲子 3
[:01000014] E|斧头 2
[:01000014] E|锯子 2
[:01000014] E|
 1000070 10
[:01000014] E|玻璃 21
[:01000014] E|砖块 29
[:01000014] E|水泥 11
[:01000014] E|锤子 2
[:01000014] E|钉子 0
[:01000014] E|油漆 10
[:01000014] E|铲子 7
[:01000014] E|斧头 16
[:01000014] E|锯子 15
[:01000014] E|
 1000071 2
[:01000014] E|玻璃 0
[:01000014] E|砖块 2
[:01000014] E|水泥 0
[:01000014] E|锤子 4
[:01000014] E|钉子 1
[:01000014] E|油漆 1
[:01000014] E|铲子 0
[:01000014] E|斧头 1
[:01000014] E|锯子 2
[:01000014] E|
 1000072 0
[:01000014] E|玻璃 0
[:01000014] E|砖块 1
[:01000014] E|水泥 0
[:01000014] E|锤子 0
[:01000014] E|钉子 0
[:01000014] E|油漆 0
[:01000014] E|铲子 0
[:01000014] E|斧头 0
[:01000014] E|锯子 0
[:01000014] E|
 1000073 0
[:01000014] E|玻璃 3
[:01000014] E|砖块 3
[:01000014] E|水泥 2
[:01000014] E|锤子 0
[:01000014] E|钉子 0
[:01000014] E|油漆 0
[:01000014] E|铲子 0
[:01000014] E|斧头 0
[:01000014] E|锯子 0
[:01000014] E|
 1000074 0
[:01000014] E|玻璃 5
[:01000014] E|砖块 5
[:01000014] E|水泥 5
[:01000014] E|锤子 0
[:01000014] E|钉子 0
[:01000014] E|油漆 0
[:01000014] E|铲子 1
[:01000014] E|斧头 1
[:01000014] E|锯子 1
[:01000014] E|
 1000075 0
[:01000014] E|玻璃 3
[:01000014] E|砖块 8
[:01000014] E|水泥 5
[:01000014] E|锤子 1
[:01000014] E|钉子 0
[:01000014] E|油漆 0
[:01000014] E|铲子 1
[:01000014] E|斧头 0
[:01000014] E|锯子 0
[:01000014] E|
 1000076 0
[:01000014] E|玻璃 2
[:01000014] E|砖块 2
[:01000014] E|水泥 1
[:01000014] E|锤子 0
[:01000014] E|钉子 0
[:01000014] E|油漆 0
[:01000014] E|铲子 0
[:01000014] E|斧头 0
[:01000014] E|锯子 1
[:01000014] E|
 1000077 0
[:01000014] E|玻璃 0
[:01000014] E|砖块 1
[:01000014] E|水泥 0
[:01000014] E|锤子 0
[:01000014] E|钉子 0
[:01000014] E|油漆 0
[:01000014] E|铲子 0
[:01000014] E|斧头 0
[:01000014] E|锯子 0
[:01000014] E|
 1000078 0
[:01000014] E|玻璃 0
[:01000014] E|砖块 0
[:01000014] E|水泥 0
[:01000014] E|锤子 0
[:01000014] E|钉子 0
[:01000014] E|油漆 0
[:01000014] E|铲子 0
[:01000014] E|斧头 0
[:01000014] E|锯子 0
[:01000014] E|
 1000079 0
[:01000014] E|玻璃 3
[:01000014] E|砖块 3
[:01000014] E|水泥 3
[:01000014] E|锤子 0
[:01000014] E|钉子 0
[:01000014] E|油漆 1
[:01000014] E|铲子 0
[:01000014] E|斧头 1
[:01000014] E|锯子 0
[:01000014] E|
 1000080 0
[:01000014] E|玻璃 2
[:01000014] E|砖块 2
[:01000014] E|水泥 0
[:01000014] E|锤子 0
[:01000014] E|钉子 0
[:01000014] E|油漆 0
[:01000014] E|铲子 0
[:01000014] E|斧头 0
[:01000014] E|锯子 0
[:01000014] E|
 1000081 0
[:01000014] E|玻璃 1
[:01000014] E|砖块 2
[:01000014] E|水泥 0
[:01000014] E|锤子 0
[:01000014] E|钉子 0
[:01000014] E|油漆 0
[:01000014] E|铲子 0
[:01000014] E|斧头 0
[:01000014] E|锯子 0
[:01000014] E|
 1000082 0
[:01000014] E|玻璃 0
[:01000014] E|砖块 0
[:01000014] E|水泥 0
[:01000014] E|锤子 0
[:01000014] E|钉子 0
[:01000014] E|油漆 0
[:01000014] E|铲子 0
[:01000014] E|斧头 0
[:01000014] E|锯子 0
[:01000014] E|
 1000083 0
[:01000014] E|玻璃 0
[:01000014] E|砖块 0
[:01000014] E|水泥 0
[:01000014] E|锤子 0
[:01000014] E|钉子 0
[:01000014] E|油漆 0
[:01000014] E|铲子 0
[:01000014] E|斧头 0
[:01000014] E|锯子 0
[:01000014] E|
 1000084 0
[:01000014] E|玻璃 0
[:01000014] E|砖块 0
[:01000014] E|水泥 0
[:01000014] E|锤子 0
[:01000014] E|钉子 0
[:01000014] E|油漆 0
[:01000014] E|铲子 0
[:01000014] E|斧头 0
[:01000014] E|锯子 0
[:01000014] E|
 1000085 3
[:01000014] E|玻璃 2
[:01000014] E|砖块 4
[:01000014] E|水泥 3
[:01000014] E|锤子 1
[:01000014] E|钉子 0
[:01000014] E|油漆 1
[:01000014] E|铲子 0
[:01000014] E|斧头 1
[:01000014] E|锯子 1
[:01000014] E|
 1000086 11
[:01000014] E|玻璃 22
[:01000014] E|砖块 27
[:01000014] E|水泥 18
[:01000014] E|锤子 2
[:01000014] E|钉子 8
[:01000014] E|油漆 3
[:01000014] E|铲子 17
[:01000014] E|斧头 10
[:01000014] E|锯子 10
[:01000014] E|
 1000087 0
[:01000014] E|玻璃 0
[:01000014] E|砖块 0
[:01000014] E|水泥 0
[:01000014] E|锤子 0
[:01000014] E|钉子 0
[:01000014] E|油漆 0
[:01000014] E|铲子 0
[:01000014] E|斧头 0
[:01000014] E|锯子 0
[:01000014] E|
 1000088 0
[:01000014] E|玻璃 0
[:01000014] E|砖块 0
[:01000014] E|水泥 0
[:01000014] E|锤子 0
[:01000014] E|钉子 0
[:01000014] E|油漆 0
[:01000014] E|铲子 0
[:01000014] E|斧头 0
[:01000014] E|锯子 0
[:01000014] E|
 1000089 0
[:01000014] E|玻璃 0
[:01000014] E|砖块 0
[:01000014] E|水泥 0
[:01000014] E|锤子 0
[:01000014] E|钉子 0
[:01000014] E|油漆 0
[:01000014] E|铲子 0
[:01000014] E|斧头 0
[:01000014] E|锯子 0
[:01000014] E|
 1000090 0
[:01000014] E|玻璃 1
[:01000014] E|砖块 1
[:01000014] E|水泥 0
[:01000014] E|锤子 0
[:01000014] E|钉子 0
[:01000014] E|油漆 0
[:01000014] E|铲子 0
[:01000014] E|斧头 0
[:01000014] E|锯子 0
[:01000014] E|
 1000091 1
[:01000014] E|玻璃 5
[:01000014] E|砖块 5
[:01000014] E|水泥 4
[:01000014] E|锤子 4
[:01000014] E|钉子 1
[:01000014] E|油漆 2
[:01000014] E|铲子 1
[:01000014] E|斧头 0
[:01000014] E|锯子 0
[:01000014] E|
 1000092 0
[:01000014] E|玻璃 0
[:01000014] E|砖块 0
[:01000014] E|水泥 0
[:01000014] E|锤子 0
[:01000014] E|钉子 0
[:01000014] E|油漆 0
[:01000014] E|铲子 0
[:01000014] E|斧头 0
[:01000014] E|锯子 0
[:01000014] E|
 1000093 0
[:01000014] E|玻璃 0
[:01000014] E|砖块 0
[:01000014] E|水泥 0
[:01000014] E|锤子 0
[:01000014] E|钉子 0
[:01000014] E|油漆 0
[:01000014] E|铲子 0
[:01000014] E|斧头 0
[:01000014] E|锯子 0
[:01000014] E|
 1000094 0
[:01000014] E|玻璃 0
[:01000014] E|砖块 0
[:01000014] E|水泥 0
[:01000014] E|锤子 0
[:01000014] E|钉子 0
[:01000014] E|油漆 0
[:01000014] E|铲子 0
[:01000014] E|斧头 0
[:01000014] E|锯子 0
[:01000014] E|
 1000095 6
[:01000014] E|玻璃 1
[:01000014] E|砖块 5
[:01000014] E|水泥 4
[:01000014] E|锤子 6
[:01000014] E|钉子 5
[:01000014] E|油漆 2
[:01000014] E|铲子 1
[:01000014] E|斧头 1
[:01000014] E|锯子 2
[:01000014] E|
 1000096 0
[:01000014] E|玻璃 3
[:01000014] E|砖块 4
[:01000014] E|水泥 2
[:01000014] E|锤子 1
[:01000014] E|钉子 0
[:01000014] E|油漆 0
[:01000014] E|铲子 0
[:01000014] E|斧头 0
[:01000014] E|锯子 0
[:01000014] E|
 1000097 8
[:01000014] E|玻璃 13
[:01000014] E|砖块 15
[:01000014] E|水泥 12
[:01000014] E|锤子 6
[:01000014] E|钉子 8
[:01000014] E|油漆 10
[:01000014] E|铲子 7
[:01000014] E|斧头 11
[:01000014] E|锯子 10
[:01000014] E|
 1000098 1
[:01000014] E|玻璃 5
[:01000014] E|砖块 4
[:01000014] E|水泥 5
[:01000014] E|锤子 1
[:01000014] E|钉子 1
[:01000014] E|油漆 0
[:01000014] E|铲子 0
[:01000014] E|斧头 1
[:01000014] E|锯子 2
[:01000014] E|
 1000099 6
[:01000014] E|玻璃 22
[:01000014] E|砖块 21
[:01000014] E|水泥 19
[:01000014] E|锤子 3
[:01000014] E|钉子 5
[:01000014] E|油漆 2
[:01000014] E|铲子 4
[:01000014] E|斧头 2
[:01000014] E|锯子 3
[:01000014] E|
 1000100 0
[:01000014] E|玻璃 1
[:01000014] E|砖块 1
[:01000014] E|水泥 0
[:01000014] E|锤子 0
[:01000014] E|钉子 0
[:01000014] E|油漆 0
[:01000014] E|铲子 0
[:01000014] E|斧头 0
[:01000014] E|锯子 0
[:01000014] E|
 1000101 0
[:01000014] E|玻璃 0
[:01000014] E|砖块 0
[:01000014] E|水泥 0
[:01000014] E|锤子 0
[:01000014] E|钉子 0
[:01000014] E|油漆 0
[:01000014] E|铲子 0
[:01000014] E|斧头 0
[:01000014] E|锯子 0
[:01000014] E|
 1000102 0
[:01000014] E|玻璃 0
[:01000014] E|砖块 0
[:01000014] E|水泥 0
[:01000014] E|锤子 0
[:01000014] E|钉子 0
[:01000014] E|油漆 0
[:01000014] E|铲子 0
[:01000014] E|斧头 0
[:01000014] E|锯子 0
[:01000014] E|
 1000103 0
[:01000014] E|玻璃 1
[:01000014] E|砖块 1
[:01000014] E|水泥 0
[:01000014] E|锤子 0
[:01000014] E|钉子 0
[:01000014] E|油漆 0
[:01000014] E|铲子 0
[:01000014] E|斧头 0
[:01000014] E|锯子 0
[:01000014] E|
 1000104 1
[:01000014] E|玻璃 5
[:01000014] E|砖块 6
[:01000014] E|水泥 5
[:01000014] E|锤子 1
[:01000014] E|钉子 2
[:01000014] E|油漆 0
[:01000014] E|铲子 1
[:01000014] E|斧头 0
[:01000014] E|锯子 0
[:01000014] E|
 1000105 0
[:01000014] E|玻璃 0
[:01000014] E|砖块 0
[:01000014] E|水泥 0
[:01000014] E|锤子 0
[:01000014] E|钉子 0
[:01000014] E|油漆 0
[:01000014] E|铲子 0
[:01000014] E|斧头 0
[:01000014] E|锯子 0
[:01000014] E|
 1000106 1
[:01000014] E|玻璃 3
[:01000014] E|砖块 3
[:01000014] E|水泥 0
[:01000014] E|锤子 1
[:01000014] E|钉子 2
[:01000014] E|油漆 1
[:01000014] E|铲子 0
[:01000014] E|斧头 0
[:01000014] E|锯子 0
[:01000014] E|
 1000107 0
[:01000014] E|玻璃 1
[:01000014] E|砖块 2
[:01000014] E|水泥 0
[:01000014] E|锤子 0
[:01000014] E|钉子 0
[:01000014] E|油漆 0
[:01000014] E|铲子 0
[:01000014] E|斧头 0
[:01000014] E|锯子 0
[:01000014] E|
 1000108 0
[:01000014] E|玻璃 0
[:01000014] E|砖块 0
[:01000014] E|水泥 0
[:01000014] E|锤子 0
[:01000014] E|钉子 0
[:01000014] E|油漆 0
[:01000014] E|铲子 0
[:01000014] E|斧头 0
[:01000014] E|锯子 0
[:01000014] E|
 1000109 0
[:01000014] E|玻璃 0
[:01000014] E|砖块 0
[:01000014] E|水泥 0
[:01000014] E|锤子 0
[:01000014] E|钉子 0
[:01000014] E|油漆 0
[:01000014] E|铲子 0
[:01000014] E|斧头 0
[:01000014] E|锯子 0
[:01000014] E|
 1000110 0
[:01000014] E|玻璃 0
[:01000014] E|砖块 1
[:01000014] E|水泥 0
[:01000014] E|锤子 0
[:01000014] E|钉子 0
[:01000014] E|油漆 0
[:01000014] E|铲子 0
[:01000014] E|斧头 0
[:01000014] E|锯子 0
[:01000014] E|
 1000111 0
[:01000014] E|玻璃 1
[:01000014] E|砖块 1
[:01000014] E|水泥 0
[:01000014] E|锤子 0
[:01000014] E|钉子 0
[:01000014] E|油漆 0
[:01000014] E|铲子 0
[:01000014] E|斧头 0
[:01000014] E|锯子 0
[:01000014] E|
 1000112 2
[:01000014] E|玻璃 3
[:01000014] E|砖块 3
[:01000014] E|水泥 3
[:01000014] E|锤子 1
[:01000014] E|钉子 2
[:01000014] E|油漆 0
[:01000014] E|铲子 1
[:01000014] E|斧头 0
[:01000014] E|锯子 1
[:01000014] E|
 1000113 0
[:01000014] E|玻璃 0
[:01000014] E|砖块 0
[:01000014] E|水泥 0
[:01000014] E|锤子 0
[:01000014] E|钉子 0
[:01000014] E|油漆 0
[:01000014] E|铲子 0
[:01000014] E|斧头 0
[:01000014] E|锯子 0
[:01000014] E|
 1000114 3
[:01000014] E|玻璃 0
[:01000014] E|砖块 6
[:01000014] E|水泥 3
[:01000014] E|锤子 0
[:01000014] E|钉子 0
[:01000014] E|油漆 0
[:01000014] E|铲子 1
[:01000014] E|斧头 1
[:01000014] E|锯子 1
[:01000014] E|
 1000115 0
[:01000014] E|玻璃 1
[:01000014] E|砖块 1
[:01000014] E|水泥 0
[:01000014] E|锤子 0
[:01000014] E|钉子 0
[:01000014] E|油漆 0
[:01000014] E|铲子 0
[:01000014] E|斧头 0
[:01000014] E|锯子 0
[:01000014] E|
 1000116 0
[:01000014] E|玻璃 0
[:01000014] E|砖块 0
[:01000014] E|水泥 0
[:01000014] E|锤子 0
[:01000014] E|钉子 0
[:01000014] E|油漆 0
[:01000014] E|铲子 0
[:01000014] E|斧头 0
[:01000014] E|锯子 0
[:01000014] E|
 1000117 0
[:01000014] E|玻璃 0
[:01000014] E|砖块 1
[:01000014] E|水泥 0
[:01000014] E|锤子 0
[:01000014] E|钉子 0
[:01000014] E|油漆 0
[:01000014] E|铲子 0
[:01000014] E|斧头 0
[:01000014] E|锯子 0
[:01000014] E|
 1000118 1
[:01000014] E|玻璃 1
[:01000014] E|砖块 2
[:01000014] E|水泥 1
[:01000014] E|锤子 1
[:01000014] E|钉子 1
[:01000014] E|油漆 1
[:01000014] E|铲子 0
[:01000014] E|斧头 0
[:01000014] E|锯子 0
[:01000014] E|
 1000119 3
[:01000014] E|玻璃 1
[:01000014] E|砖块 3
[:01000014] E|水泥 0
[:01000014] E|锤子 1
[:01000014] E|钉子 1
[:01000014] E|油漆 0
[:01000014] E|铲子 2
[:01000014] E|斧头 0
[:01000014] E|锯子 0
[:01000014] E|
 1000120 1
[:01000014] E|玻璃 0
[:01000014] E|砖块 1
[:01000014] E|水泥 0
[:01000014] E|锤子 1
[:01000014] E|钉子 1
[:01000014] E|油漆 1
[:01000014] E|铲子 0
[:01000014] E|斧头 0
[:01000014] E|锯子 0
[:01000014] E|
 1000121 1
[:01000014] E|玻璃 3
[:01000014] E|砖块 3
[:01000014] E|水泥 2
[:01000014] E|锤子 1
[:01000014] E|钉子 1
[:01000014] E|油漆 1
[:01000014] E|铲子 0
[:01000014] E|斧头 0
[:01000014] E|锯子 0
[:01000014] E|
 1000122 1
[:01000014] E|玻璃 1
[:01000014] E|砖块 1
[:01000014] E|水泥 0
[:01000014] E|锤子 1
[:01000014] E|钉子 1
[:01000014] E|油漆 1
[:01000014] E|铲子 0
[:01000014] E|斧头 0
[:01000014] E|锯子 0
[:01000014] E|
 1000123 0
[:01000014] E|玻璃 0
[:01000014] E|砖块 0
[:01000014] E|水泥 0
[:01000014] E|锤子 0
[:01000014] E|钉子 0
[:01000014] E|油漆 0
[:01000014] E|铲子 0
[:01000014] E|斧头 0
[:01000014] E|锯子 0
[:01000014] E|
 1000124 2
[:01000014] E|玻璃 0
[:01000014] E|砖块 0
[:01000014] E|水泥 0
[:01000014] E|锤子 0
[:01000014] E|钉子 0
[:01000014] E|油漆 0
[:01000014] E|铲子 0
[:01000014] E|斧头 0
[:01000014] E|锯子 0
[:01000014] E|
 1000125 1
[:01000014] E|玻璃 4
[:01000014] E|砖块 7
[:01000014] E|水泥 2
[:01000014] E|锤子 1
[:01000014] E|钉子 3
[:01000014] E|油漆 2
[:01000014] E|铲子 1
[:01000014] E|斧头 0
[:01000014] E|锯子 2
[:01000014] E|
 1000126 0
[:01000014] E|玻璃 0
[:01000014] E|砖块 0
[:01000014] E|水泥 0
[:01000014] E|锤子 0
[:01000014] E|钉子 0
[:01000014] E|油漆 0
[:01000014] E|铲子 0
[:01000014] E|斧头 0
[:01000014] E|锯子 0
[:01000014] E|
 1000127 0
[:01000014] E|玻璃 0
[:01000014] E|砖块 1
[:01000014] E|水泥 0
[:01000014] E|锤子 0
[:01000014] E|钉子 0
[:01000014] E|油漆 0
[:01000014] E|铲子 0
[:01000014] E|斧头 0
[:01000014] E|锯子 0
[:01000014] E|
 1000128 2
[:01000014] E|玻璃 0
[:01000014] E|砖块 1
[:01000014] E|水泥 0
[:01000014] E|锤子 3
[:01000014] E|钉子 3
[:01000014] E|油漆 3
[:01000014] E|铲子 0
[:01000014] E|斧头 0
[:01000014] E|锯子 0
[:01000014] E|
 1000129 0
[:01000014] E|玻璃 0
[:01000014] E|砖块 0
[:01000014] E|水泥 0
[:01000014] E|锤子 0
[:01000014] E|钉子 0
[:01000014] E|油漆 0
[:01000014] E|铲子 0
[:01000014] E|斧头 0
[:01000014] E|锯子 0
[:01000014] E|
 1000130 5
[:01000014] E|玻璃 0
[:01000014] E|砖块 1
[:01000014] E|水泥 0
[:01000014] E|锤子 0
[:01000014] E|钉子 0
[:01000014] E|油漆 0
[:01000014] E|铲子 0
[:01000014] E|斧头 0
[:01000014] E|锯子 0
[:01000014] E|
 1000131 0
[:01000014] E|玻璃 0
[:01000014] E|砖块 0
[:01000014] E|水泥 0
[:01000014] E|锤子 0
[:01000014] E|钉子 0
[:01000014] E|油漆 0
[:01000014] E|铲子 0
[:01000014] E|斧头 0
[:01000014] E|锯子 0
[:01000014] E|
 1000132 0
[:01000014] E|玻璃 0
[:01000014] E|砖块 0
[:01000014] E|水泥 0
[:01000014] E|锤子 0
[:01000014] E|钉子 0
[:01000014] E|油漆 0
[:01000014] E|铲子 0
[:01000014] E|斧头 0
[:01000014] E|锯子 0
[:01000014] E|
 1000133 0
[:01000014] E|玻璃 0
[:01000014] E|砖块 0
[:01000014] E|水泥 0
[:01000014] E|锤子 0
[:01000014] E|钉子 0
[:01000014] E|油漆 0
[:01000014] E|铲子 0
[:01000014] E|斧头 0
[:01000014] E|锯子 0
[:01000014] E|
 1000134 0
[:01000014] E|玻璃 0
[:01000014] E|砖块 0
[:01000014] E|水泥 0
[:01000014] E|锤子 0
[:01000014] E|钉子 0
[:01000014] E|油漆 0
[:01000014] E|铲子 0
[:01000014] E|斧头 0
[:01000014] E|锯子 0
[:01000014] E|
 1000135 0
[:01000014] E|玻璃 0
[:01000014] E|砖块 0
[:01000014] E|水泥 0
[:01000014] E|锤子 0
[:01000014] E|钉子 0
[:01000014] E|油漆 0
[:01000014] E|铲子 0
[:01000014] E|斧头 0
[:01000014] E|锯子 0
[:01000014] E|
 1000136 0
[:01000014] E|玻璃 2
[:01000014] E|砖块 3
[:01000014] E|水泥 0
[:01000014] E|锤子 0
[:01000014] E|钉子 0
[:01000014] E|油漆 0
[:01000014] E|铲子 0
[:01000014] E|斧头 0
[:01000014] E|锯子 0
[:01000014] E|
 1000137 0
[:01000014] E|玻璃 0
[:01000014] E|砖块 0
[:01000014] E|水泥 0
[:01000014] E|锤子 0
[:01000014] E|钉子 0
[:01000014] E|油漆 0
[:01000014] E|铲子 0
[:01000014] E|斧头 0
[:01000014] E|锯子 0
[:01000014] E|
 1000138 0
[:01000014] E|玻璃 0
[:01000014] E|砖块 0
[:01000014] E|水泥 0
[:01000014] E|锤子 0
[:01000014] E|钉子 0
[:01000014] E|油漆 0
[:01000014] E|铲子 0
[:01000014] E|斧头 0
[:01000014] E|锯子 0
[:01000014] E|
 1000139 7
[:01000014] E|玻璃 11
[:01000014] E|砖块 10
[:01000014] E|水泥 10
[:01000014] E|锤子 12
[:01000014] E|钉子 10
[:01000014] E|油漆 15
[:01000014] E|铲子 1
[:01000014] E|斧头 0
[:01000014] E|锯子 0
[:01000014] E|
 1000140 0
[:01000014] E|玻璃 0
[:01000014] E|砖块 0
[:01000014] E|水泥 0
[:01000014] E|锤子 0
[:01000014] E|钉子 0
[:01000014] E|油漆 0
[:01000014] E|铲子 0
[:01000014] E|斧头 0
[:01000014] E|锯子 0
[:01000014] E|
 1000141 8
[:01000014] E|玻璃 5
[:01000014] E|砖块 14
[:01000014] E|水泥 3
[:01000014] E|锤子 21
[:01000014] E|钉子 13
[:01000014] E|油漆 8
[:01000014] E|铲子 0
[:01000014] E|斧头 10
[:01000014] E|锯子 4
[:01000014] E|
 1000142 0
[:01000014] E|玻璃 1
[:01000014] E|砖块 1
[:01000014] E|水泥 0
[:01000014] E|锤子 0
[:01000014] E|钉子 0
[:01000014] E|油漆 0
[:01000014] E|铲子 0
[:01000014] E|斧头 0
[:01000014] E|锯子 0
[:01000014] E|
 1000143 0
[:01000014] E|玻璃 0
[:01000014] E|砖块 0
[:01000014] E|水泥 0
[:01000014] E|锤子 0
[:01000014] E|钉子 0
[:01000014] E|油漆 0
[:01000014] E|铲子 0
[:01000014] E|斧头 0
[:01000014] E|锯子 0
[:01000014] E|
 1000144 0
[:01000014] E|玻璃 0
[:01000014] E|砖块 1
[:01000014] E|水泥 0
[:01000014] E|锤子 0
[:01000014] E|钉子 0
[:01000014] E|油漆 0
[:01000014] E|铲子 1
[:01000014] E|斧头 0
[:01000014] E|锯子 0
[:01000014] E|
 1000145 0
[:01000014] E|玻璃 0
[:01000014] E|砖块 0
[:01000014] E|水泥 0
[:01000014] E|锤子 0
[:01000014] E|钉子 0
[:01000014] E|油漆 0
[:01000014] E|铲子 0
[:01000014] E|斧头 0
[:01000014] E|锯子 0
[:01000014] E|
 1000146 0
[:01000014] E|玻璃 1
[:01000014] E|砖块 2
[:01000014] E|水泥 0
[:01000014] E|锤子 0
[:01000014] E|钉子 0
[:01000014] E|油漆 0
[:01000014] E|铲子 0
[:01000014] E|斧头 0
[:01000014] E|锯子 0
[:01000014] E|
 1000147 0
[:01000014] E|玻璃 0
[:01000014] E|砖块 0
[:01000014] E|水泥 0
[:01000014] E|锤子 0
[:01000014] E|钉子 0
[:01000014] E|油漆 0
[:01000014] E|铲子 0
[:01000014] E|斧头 0
[:01000014] E|锯子 0
[:01000014] E|
 1000148 0
[:01000014] E|玻璃 1
[:01000014] E|砖块 1
[:01000014] E|水泥 0
[:01000014] E|锤子 0
[:01000014] E|钉子 0
[:01000014] E|油漆 2
[:01000014] E|铲子 0
[:01000014] E|斧头 0
[:01000014] E|锯子 0
[:01000014] E|
 1000149 4
[:01000014] E|玻璃 1
[:01000014] E|砖块 6
[:01000014] E|水泥 5
[:01000014] E|锤子 5
[:01000014] E|钉子 4
[:01000014] E|油漆 7
[:01000014] E|铲子 3
[:01000014] E|斧头 1
[:01000014] E|锯子 0
[:01000014] E|
 1000150 13
[:01000014] E|玻璃 22
[:01000014] E|砖块 29
[:01000014] E|水泥 25
[:01000014] E|锤子 25
[:01000014] E|钉子 12
[:01000014] E|油漆 17
[:01000014] E|铲子 10
[:01000014] E|斧头 19
[:01000014] E|锯子 23
[:01000014] E|
 1000151 4
[:01000014] E|玻璃 3
[:01000014] E|砖块 8
[:01000014] E|水泥 1
[:01000014] E|锤子 2
[:01000014] E|钉子 5
[:01000014] E|油漆 5
[:01000014] E|铲子 7
[:01000014] E|斧头 6
[:01000014] E|锯子 6
[:01000014] E|
 1000152 0
[:01000014] E|玻璃 1
[:01000014] E|砖块 2
[:01000014] E|水泥 0
[:01000014] E|锤子 0
[:01000014] E|钉子 0
[:01000014] E|油漆 0
[:01000014] E|铲子 0
[:01000014] E|斧头 0
[:01000014] E|锯子 0
[:01000014] E|
 1000153 0
[:01000014] E|玻璃 2
[:01000014] E|砖块 3
[:01000014] E|水泥 0
[:01000014] E|锤子 0
[:01000014] E|钉子 0
[:01000014] E|油漆 0
[:01000014] E|铲子 0
[:01000014] E|斧头 0
[:01000014] E|锯子 0
[:01000014] E|
 1000154 5
[:01000014] E|玻璃 1
[:01000014] E|砖块 0
[:01000014] E|水泥 1
[:01000014] E|锤子 2
[:01000014] E|钉子 3
[:01000014] E|油漆 3
[:01000014] E|铲子 1
[:01000014] E|斧头 0
[:01000014] E|锯子 1
[:01000014] E|
 1000155 0
[:01000014] E|玻璃 0
[:01000014] E|砖块 0
[:01000014] E|水泥 0
[:01000014] E|锤子 0
[:01000014] E|钉子 0
[:01000014] E|油漆 0
[:01000014] E|铲子 0
[:01000014] E|斧头 0
[:01000014] E|锯子 0
[:01000014] E|
 1000156 3
[:01000014] E|玻璃 4
[:01000014] E|砖块 1
[:01000014] E|水泥 1
[:01000014] E|锤子 8
[:01000014] E|钉子 8
[:01000014] E|油漆 8
[:01000014] E|铲子 0
[:01000014] E|斧头 0
[:01000014] E|锯子 0
[:01000014] E|
 1000157 0
[:01000014] E|玻璃 1
[:01000014] E|砖块 1
[:01000014] E|水泥 0
[:01000014] E|锤子 0
[:01000014] E|钉子 0
[:01000014] E|油漆 0
[:01000014] E|铲子 0
[:01000014] E|斧头 0
[:01000014] E|锯子 0
[:01000014] E|
 1000158 0
[:01000014] E|玻璃 0
[:01000014] E|砖块 0
[:01000014] E|水泥 0
[:01000014] E|锤子 0
[:01000014] E|钉子 0
[:01000014] E|油漆 0
[:01000014] E|铲子 0
[:01000014] E|斧头 0
[:01000014] E|锯子 0
[:01000014] E|
 1000159 7
[:01000014] E|玻璃 14
[:01000014] E|砖块 8
[:01000014] E|水泥 17
[:01000014] E|锤子 10
[:01000014] E|钉子 10
[:01000014] E|油漆 5
[:01000014] E|铲子 19
[:01000014] E|斧头 13
[:01000014] E|锯子 9
[:01000014] E|
 1000160 15
[:01000014] E|玻璃 35
[:01000014] E|砖块 40
[:01000014] E|水泥 32
[:01000014] E|锤子 2
[:01000014] E|钉子 1
[:01000014] E|油漆 3
[:01000014] E|铲子 22
[:01000014] E|斧头 51
[:01000014] E|锯子 21
[:01000014] E|
 1000161 0
[:01000014] E|玻璃 0
[:01000014] E|砖块 0
[:01000014] E|水泥 0
[:01000014] E|锤子 0
[:01000014] E|钉子 0
[:01000014] E|油漆 0
[:01000014] E|铲子 0
[:01000014] E|斧头 0
[:01000014] E|锯子 0
[:01000014] E|
 1000162 2
[:01000014] E|玻璃 0
[:01000014] E|砖块 1
[:01000014] E|水泥 5
[:01000014] E|锤子 1
[:01000014] E|钉子 3
[:01000014] E|油漆 2
[:01000014] E|铲子 1
[:01000014] E|斧头 0
[:01000014] E|锯子 0
[:01000014] E|
 1000163 0
[:01000014] E|玻璃 0
[:01000014] E|砖块 0
[:01000014] E|水泥 0
[:01000014] E|锤子 0
[:01000014] E|钉子 0
[:01000014] E|油漆 0
[:01000014] E|铲子 0
[:01000014] E|斧头 0
[:01000014] E|锯子 0
[:01000014] E|
 1000164 0
[:01000014] E|玻璃 0
[:01000014] E|砖块 0
[:01000014] E|水泥 0
[:01000014] E|锤子 0
[:01000014] E|钉子 0
[:01000014] E|油漆 0
[:01000014] E|铲子 0
[:01000014] E|斧头 0
[:01000014] E|锯子 0
[:01000014] E|
 1000165 4
[:01000014] E|玻璃 0
[:01000014] E|砖块 1
[:01000014] E|水泥 0
[:01000014] E|锤子 2
[:01000014] E|钉子 2
[:01000014] E|油漆 6
[:01000014] E|铲子 0
[:01000014] E|斧头 0
[:01000014] E|锯子 1
[:01000014] E|
 1000166 0
[:01000014] E|玻璃 1
[:01000014] E|砖块 1
[:01000014] E|水泥 0
[:01000014] E|锤子 1
[:01000014] E|钉子 0
[:01000014] E|油漆 0
[:01000014] E|铲子 0
[:01000014] E|斧头 0
[:01000014] E|锯子 0
[:01000014] E|
 1000167 4
[:01000014] E|玻璃 2
[:01000014] E|砖块 2
[:01000014] E|水泥 1
[:01000014] E|锤子 0
[:01000014] E|钉子 0
[:01000014] E|油漆 2
[:01000014] E|铲子 0
[:01000014] E|斧头 0
[:01000014] E|锯子 3
[:01000014] E|
 1000168 0
[:01000014] E|玻璃 0
[:01000014] E|砖块 0
[:01000014] E|水泥 0
[:01000014] E|锤子 0
[:01000014] E|钉子 0
[:01000014] E|油漆 0
[:01000014] E|铲子 0
[:01000014] E|斧头 0
[:01000014] E|锯子 0
[:01000014] E|
 1000169 0
[:01000014] E|玻璃 3
[:01000014] E|砖块 3
[:01000014] E|水泥 2
[:01000014] E|锤子 0
[:01000014] E|钉子 0
[:01000014] E|油漆 0
[:01000014] E|铲子 0
[:01000014] E|斧头 0
[:01000014] E|锯子 0
[:01000014] E|
 1000170 0
[:01000014] E|玻璃 0
[:01000014] E|砖块 1
[:01000014] E|水泥 0
[:01000014] E|锤子 0
[:01000014] E|钉子 0
[:01000014] E|油漆 0
[:01000014] E|铲子 0
[:01000014] E|斧头 0
[:01000014] E|锯子 0
[:01000014] E|
 1000171 2
[:01000014] E|玻璃 2
[:01000014] E|砖块 7
[:01000014] E|水泥 1
[:01000014] E|锤子 2
[:01000014] E|钉子 7
[:01000014] E|油漆 3
[:01000014] E|铲子 1
[:01000014] E|斧头 0
[:01000014] E|锯子 0
[:01000014] E|
 1000172 3
[:01000014] E|玻璃 0
[:01000014] E|砖块 3
[:01000014] E|水泥 0
[:01000014] E|锤子 3
[:01000014] E|钉子 8
[:01000014] E|油漆 6
[:01000014] E|铲子 1
[:01000014] E|斧头 1
[:01000014] E|锯子 0
[:01000014] E|
 1000173 0
[:01000014] E|玻璃 0
[:01000014] E|砖块 0
[:01000014] E|水泥 0
[:01000014] E|锤子 0
[:01000014] E|钉子 0
[:01000014] E|油漆 0
[:01000014] E|铲子 0
[:01000014] E|斧头 0
[:01000014] E|锯子 0
[:01000014] E|
 1000174 0
[:01000014] E|玻璃 0
[:01000014] E|砖块 1
[:01000014] E|水泥 0
[:01000014] E|锤子 0
[:01000014] E|钉子 0
[:01000014] E|油漆 0
[:01000014] E|铲子 0
[:01000014] E|斧头 0
[:01000014] E|锯子 0
[:01000014] E|
 1000175 0
[:01000014] E|玻璃 0
[:01000014] E|砖块 0
[:01000014] E|水泥 0
[:01000014] E|锤子 0
[:01000014] E|钉子 0
[:01000014] E|油漆 0
[:01000014] E|铲子 0
[:01000014] E|斧头 0
[:01000014] E|锯子 0
[:01000014] E|
 1000176 0
[:01000014] E|玻璃 0
[:01000014] E|砖块 0
[:01000014] E|水泥 0
[:01000014] E|锤子 0
[:01000014] E|钉子 0
[:01000014] E|油漆 0
[:01000014] E|铲子 0
[:01000014] E|斧头 0
[:01000014] E|锯子 0
[:01000014] E|
 1000177 0
[:01000014] E|玻璃 0
[:01000014] E|砖块 0
[:01000014] E|水泥 0
[:01000014] E|锤子 0
[:01000014] E|钉子 0
[:01000014] E|油漆 0
[:01000014] E|铲子 0
[:01000014] E|斧头 0
[:01000014] E|锯子 0
[:01000014] E|
 1000178 0
[:01000014] E|玻璃 0
[:01000014] E|砖块 0
[:01000014] E|水泥 0
[:01000014] E|锤子 0
[:01000014] E|钉子 0
[:01000014] E|油漆 0
[:01000014] E|铲子 0
[:01000014] E|斧头 0
[:01000014] E|锯子 0
[:01000014] E|
 1000179 0
[:01000014] E|玻璃 1
[:01000014] E|砖块 1
[:01000014] E|水泥 0
[:01000014] E|锤子 0
[:01000014] E|钉子 0
[:01000014] E|油漆 0
[:01000014] E|铲子 0
[:01000014] E|斧头 0
[:01000014] E|锯子 0
[:01000014] E|
 1000180 0
[:01000014] E|玻璃 0
[:01000014] E|砖块 0
[:01000014] E|水泥 0
[:01000014] E|锤子 0
[:01000014] E|钉子 0
[:01000014] E|油漆 0
[:01000014] E|铲子 0
[:01000014] E|斧头 0
[:01000014] E|锯子 0
[:01000014] E|
 1000181 1
[:01000014] E|玻璃 5
[:01000014] E|砖块 3
[:01000014] E|水泥 1
[:01000014] E|锤子 0
[:01000014] E|钉子 1
[:01000014] E|油漆 1
[:01000014] E|铲子 0
[:01000014] E|斧头 1
[:01000014] E|锯子 0
[:01000014] E|
 1000182 1
[:01000014] E|玻璃 2
[:01000014] E|砖块 4
[:01000014] E|水泥 2
[:01000014] E|锤子 0
[:01000014] E|钉子 2
[:01000014] E|油漆 1
[:01000014] E|铲子 0
[:01000014] E|斧头 0
[:01000014] E|锯子 0
[:01000014] E|
 1000183 0
[:01000014] E|玻璃 0
[:01000014] E|砖块 0
[:01000014] E|水泥 0
[:01000014] E|锤子 3
[:01000014] E|钉子 3
[:01000014] E|油漆 3
[:01000014] E|铲子 1
[:01000014] E|斧头 0
[:01000014] E|锯子 0
[:01000014] E|
 1000184 0
[:01000014] E|玻璃 2
[:01000014] E|砖块 2
[:01000014] E|水泥 0
[:01000014] E|锤子 0
[:01000014] E|钉子 0
[:01000014] E|油漆 0
[:01000014] E|铲子 0
[:01000014] E|斧头 0
[:01000014] E|锯子 1
[:01000014] E|
 1000185 0
[:01000014] E|玻璃 0
[:01000014] E|砖块 0
[:01000014] E|水泥 0
[:01000014] E|锤子 0
[:01000014] E|钉子 0
[:01000014] E|油漆 0
[:01000014] E|铲子 0
[:01000014] E|斧头 0
[:01000014] E|锯子 0
[:01000014] E|
 1000186 1
[:01000014] E|玻璃 0
[:01000014] E|砖块 1
[:01000014] E|水泥 0
[:01000014] E|锤子 3
[:01000014] E|钉子 3
[:01000014] E|油漆 3
[:01000014] E|铲子 0
[:01000014] E|斧头 0
[:01000014] E|锯子 0
[:01000014] E|
 1000187 0
[:01000014] E|玻璃 1
[:01000014] E|砖块 1
[:01000014] E|水泥 0
[:01000014] E|锤子 0
[:01000014] E|钉子 0
[:01000014] E|油漆 0
[:01000014] E|铲子 0
[:01000014] E|斧头 0
[:01000014] E|锯子 0
[:01000014] E|
 1000188 0
[:01000014] E|玻璃 1
[:01000014] E|砖块 2
[:01000014] E|水泥 0
[:01000014] E|锤子 0
[:01000014] E|钉子 0
[:01000014] E|油漆 0
[:01000014] E|铲子 0
[:01000014] E|斧头 0
[:01000014] E|锯子 0
[:01000014] E|
 1000189 0
[:01000014] E|玻璃 0
[:01000014] E|砖块 0
[:01000014] E|水泥 0
[:01000014] E|锤子 0
[:01000014] E|钉子 0
[:01000014] E|油漆 0
[:01000014] E|铲子 0
[:01000014] E|斧头 0
[:01000014] E|锯子 0
[:01000014] E|
 1000190 6
[:01000014] E|玻璃 10
[:01000014] E|砖块 11
[:01000014] E|水泥 7
[:01000014] E|锤子 9
[:01000014] E|钉子 6
[:01000014] E|油漆 10
[:01000014] E|铲子 2
[:01000014] E|斧头 4
[:01000014] E|锯子 1
[:01000014] E|
 1000191 2
[:01000014] E|玻璃 1
[:01000014] E|砖块 3
[:01000014] E|水泥 0
[:01000014] E|锤子 2
[:01000014] E|钉子 1
[:01000014] E|油漆 1
[:01000014] E|铲子 0
[:01000014] E|斧头 1
[:01000014] E|锯子 1
[:01000014] E|
 1000192 0
[:01000014] E|玻璃 2
[:01000014] E|砖块 2
[:01000014] E|水泥 0
[:01000014] E|锤子 0
[:01000014] E|钉子 0
[:01000014] E|油漆 0
[:01000014] E|铲子 0
[:01000014] E|斧头 0
[:01000014] E|锯子 0
[:01000014] E|
 1000193 0
[:01000014] E|玻璃 0
[:01000014] E|砖块 0
[:01000014] E|水泥 0
[:01000014] E|锤子 0
[:01000014] E|钉子 0
[:01000014] E|油漆 0
[:01000014] E|铲子 0
[:01000014] E|斧头 0
[:01000014] E|锯子 0
[:01000014] E|
 1000194 2
[:01000014] E|玻璃 0
[:01000014] E|砖块 8
[:01000014] E|水泥 4
[:01000014] E|锤子 2
[:01000014] E|钉子 1
[:01000014] E|油漆 0
[:01000014] E|铲子 0
[:01000014] E|斧头 1
[:01000014] E|锯子 0
[:01000014] E|
 1000195 0
[:01000014] E|玻璃 6
[:01000014] E|砖块 7
[:01000014] E|水泥 6
[:01000014] E|锤子 1
[:01000014] E|钉子 1
[:01000014] E|油漆 1
[:01000014] E|铲子 0
[:01000014] E|斧头 0
[:01000014] E|锯子 0
[:01000014] E|
 1000196 0
[:01000014] E|玻璃 0
[:01000014] E|砖块 0
[:01000014] E|水泥 0
[:01000014] E|锤子 0
[:01000014] E|钉子 0
[:01000014] E|油漆 0
[:01000014] E|铲子 0
[:01000014] E|斧头 0
[:01000014] E|锯子 0
[:01000014] E|
 1000197 2
[:01000014] E|玻璃 0
[:01000014] E|砖块 4
[:01000014] E|水泥 3
[:01000014] E|锤子 4
[:01000014] E|钉子 2
[:01000014] E|油漆 2
[:01000014] E|铲子 1
[:01000014] E|斧头 1
[:01000014] E|锯子 1
[:01000014] E|
 1000198 0
[:01000014] E|玻璃 0
[:01000014] E|砖块 0
[:01000014] E|水泥 0
[:01000014] E|锤子 0
[:01000014] E|钉子 0
[:01000014] E|油漆 0
[:01000014] E|铲子 0
[:01000014] E|斧头 0
[:01000014] E|锯子 0
[:01000014] E|
 1000199 0
[:01000014] E|玻璃 0
[:01000014] E|砖块 0
[:01000014] E|水泥 0
[:01000014] E|锤子 0
[:01000014] E|钉子 0
[:01000014] E|油漆 0
[:01000014] E|铲子 0
[:01000014] E|斧头 0
[:01000014] E|锯子 0
[:01000014] E|
 1000200 0
[:01000014] E|玻璃 1
[:01000014] E|砖块 2
[:01000014] E|水泥 0
[:01000014] E|锤子 0
[:01000014] E|钉子 0
[:01000014] E|油漆 0
[:01000014] E|铲子 0
[:01000014] E|斧头 0
[:01000014] E|锯子 0
[:01000014] E|
 1000201 0
[:01000014] E|玻璃 0
[:01000014] E|砖块 1
[:01000014] E|水泥 0
[:01000014] E|锤子 0
[:01000014] E|钉子 0
[:01000014] E|油漆 0
[:01000014] E|铲子 0
[:01000014] E|斧头 0
[:01000014] E|锯子 0
[:01000014] E|
 1000202 0
[:01000014] E|玻璃 4
[:01000014] E|砖块 4
[:01000014] E|水泥 3
[:01000014] E|锤子 0
[:01000014] E|钉子 1
[:01000014] E|油漆 0
[:01000014] E|铲子 0
[:01000014] E|斧头 0
[:01000014] E|锯子 0
[:01000014] E|
 1000203 2
[:01000014] E|玻璃 0
[:01000014] E|砖块 0
[:01000014] E|水泥 0
[:01000014] E|锤子 5
[:01000014] E|钉子 5
[:01000014] E|油漆 5
[:01000014] E|铲子 0
[:01000014] E|斧头 0
[:01000014] E|锯子 0
[:01000014] E|
 1000204 0
[:01000014] E|玻璃 0
[:01000014] E|砖块 0
[:01000014] E|水泥 0
[:01000014] E|锤子 0
[:01000014] E|钉子 0
[:01000014] E|油漆 0
[:01000014] E|铲子 0
[:01000014] E|斧头 0
[:01000014] E|锯子 0
[:01000014] E|
 1000205 3
[:01000014] E|玻璃 3
[:01000014] E|砖块 7
[:01000014] E|水泥 4
[:01000014] E|锤子 2
[:01000014] E|钉子 3
[:01000014] E|油漆 1
[:01000014] E|铲子 1
[:01000014] E|斧头 2
[:01000014] E|锯子 1
[:01000014] E|
 1000206 0
[:01000014] E|玻璃 0
[:01000014] E|砖块 1
[:01000014] E|水泥 0
[:01000014] E|锤子 0
[:01000014] E|钉子 0
[:01000014] E|油漆 0
[:01000014] E|铲子 0
[:01000014] E|斧头 0
[:01000014] E|锯子 0
[:01000014] E|
 1000207 0
[:01000014] E|玻璃 0
[:01000014] E|砖块 0
[:01000014] E|水泥 0
[:01000014] E|锤子 0
[:01000014] E|钉子 0
[:01000014] E|油漆 0
[:01000014] E|铲子 0
[:01000014] E|斧头 0
[:01000014] E|锯子 0
[:01000014] E|
 1000208 4
[:01000014] E|玻璃 0
[:01000014] E|砖块 0
[:01000014] E|水泥 0
[:01000014] E|锤子 1
[:01000014] E|钉子 0
[:01000014] E|油漆 0
[:01000014] E|铲子 0
[:01000014] E|斧头 0
[:01000014] E|锯子 0
[:01000014] E|
 1000209 0
[:01000014] E|玻璃 2
[:01000014] E|砖块 2
[:01000014] E|水泥 1
[:01000014] E|锤子 0
[:01000014] E|钉子 0
[:01000014] E|油漆 0
[:01000014] E|铲子 0
[:01000014] E|斧头 0
[:01000014] E|锯子 1
[:01000014] E|
 1000210 0
[:01000014] E|玻璃 0
[:01000014] E|砖块 0
[:01000014] E|水泥 0
[:01000014] E|锤子 0
[:01000014] E|钉子 0
[:01000014] E|油漆 0
[:01000014] E|铲子 0
[:01000014] E|斧头 0
[:01000014] E|锯子 0
[:01000014] E|
 1000211 0
[:01000014] E|玻璃 5
[:01000014] E|砖块 3
[:01000014] E|水泥 2
[:01000014] E|锤子 0
[:01000014] E|钉子 0
[:01000014] E|油漆 0
[:01000014] E|铲子 0
[:01000014] E|斧头 0
[:01000014] E|锯子 0
[:01000014] E|
 1000212 0
[:01000014] E|玻璃 1
[:01000014] E|砖块 1
[:01000014] E|水泥 0
[:01000014] E|锤子 0
[:01000014] E|钉子 0
[:01000014] E|油漆 0
[:01000014] E|铲子 0
[:01000014] E|斧头 0
[:01000014] E|锯子 0
[:01000014] E|
 1000213 4
[:01000014] E|玻璃 2
[:01000014] E|砖块 4
[:01000014] E|水泥 1
[:01000014] E|锤子 2
[:01000014] E|钉子 1
[:01000014] E|油漆 0
[:01000014] E|铲子 0
[:01000014] E|斧头 1
[:01000014] E|锯子 0
[:01000014] E|
 1000214 8
[:01000014] E|玻璃 56
[:01000014] E|砖块 50
[:01000014] E|水泥 27
[:01000014] E|锤子 16
[:01000014] E|钉子 18
[:01000014] E|油漆 5
[:01000014] E|铲子 23
[:01000014] E|斧头 12
[:01000014] E|锯子 11
[:01000014] E|
 1000215 0
[:01000014] E|玻璃 0
[:01000014] E|砖块 0
[:01000014] E|水泥 0
[:01000014] E|锤子 0
[:01000014] E|钉子 0
[:01000014] E|油漆 0
[:01000014] E|铲子 0
[:01000014] E|斧头 0
[:01000014] E|锯子 0
[:01000014] E|
 1000216 0
[:01000014] E|玻璃 1
[:01000014] E|砖块 2
[:01000014] E|水泥 0
[:01000014] E|锤子 0
[:01000014] E|钉子 0
[:01000014] E|油漆 0
[:01000014] E|铲子 0
[:01000014] E|斧头 0
[:01000014] E|锯子 0
[:01000014] E|
 1000217 0
[:01000014] E|玻璃 0
[:01000014] E|砖块 0
[:01000014] E|水泥 0
[:01000014] E|锤子 0
[:01000014] E|钉子 0
[:01000014] E|油漆 0
[:01000014] E|铲子 0
[:01000014] E|斧头 0
[:01000014] E|锯子 0
[:01000014] E|
 1000218 0
[:01000014] E|玻璃 0
[:01000014] E|砖块 1
[:01000014] E|水泥 0
[:01000014] E|锤子 0
[:01000014] E|钉子 0
[:01000014] E|油漆 0
[:01000014] E|铲子 0
[:01000014] E|斧头 0
[:01000014] E|锯子 0
[:01000014] E|
 1000219 0
[:01000014] E|玻璃 0
[:01000014] E|砖块 0
[:01000014] E|水泥 0
[:01000014] E|锤子 0
[:01000014] E|钉子 0
[:01000014] E|油漆 0
[:01000014] E|铲子 0
[:01000014] E|斧头 0
[:01000014] E|锯子 0
[:01000014] E|
 1000220 0
[:01000014] E|玻璃 0
[:01000014] E|砖块 0
[:01000014] E|水泥 0
[:01000014] E|锤子 0
[:01000014] E|钉子 0
[:01000014] E|油漆 0
[:01000014] E|铲子 0
[:01000014] E|斧头 0
[:01000014] E|锯子 0
[:01000014] E|
 1000221 1
[:01000014] E|玻璃 2
[:01000014] E|砖块 3
[:01000014] E|水泥 3
[:01000014] E|锤子 0
[:01000014] E|钉子 0
[:01000014] E|油漆 0
[:01000014] E|铲子 0
[:01000014] E|斧头 1
[:01000014] E|锯子 0
[:01000014] E|
 1000222 5
[:01000014] E|玻璃 19
[:01000014] E|砖块 15
[:01000014] E|水泥 15
[:01000014] E|锤子 2
[:01000014] E|钉子 2
[:01000014] E|油漆 3
[:01000014] E|铲子 8
[:01000014] E|斧头 1
[:01000014] E|锯子 1
[:01000014] E|
 1000223 7
[:01000014] E|玻璃 13
[:01000014] E|砖块 18
[:01000014] E|水泥 6
[:01000014] E|锤子 15
[:01000014] E|钉子 11
[:01000014] E|油漆 4
[:01000014] E|铲子 6
[:01000014] E|斧头 9
[:01000014] E|锯子 4
[:01000014] E|
 1000224 0
[:01000014] E|玻璃 2
[:01000014] E|砖块 2
[:01000014] E|水泥 2
[:01000014] E|锤子 1
[:01000014] E|钉子 0
[:01000014] E|油漆 0
[:01000014] E|铲子 0
[:01000014] E|斧头 0
[:01000014] E|锯子 0
[:01000014] E|
 1000225 0
[:01000014] E|玻璃 0
[:01000014] E|砖块 0
[:01000014] E|水泥 0
[:01000014] E|锤子 0
[:01000014] E|钉子 0
[:01000014] E|油漆 0
[:01000014] E|铲子 0
[:01000014] E|斧头 0
[:01000014] E|锯子 0
[:01000014] E|
 1000226 0
[:01000014] E|玻璃 0
[:01000014] E|砖块 0
[:01000014] E|水泥 1
[:01000014] E|锤子 0
[:01000014] E|钉子 1
[:01000014] E|油漆 0
[:01000014] E|铲子 0
[:01000014] E|斧头 0
[:01000014] E|锯子 0
[:01000014] E|
 1000227 0
[:01000014] E|玻璃 0
[:01000014] E|砖块 0
[:01000014] E|水泥 0
[:01000014] E|锤子 0
[:01000014] E|钉子 0
[:01000014] E|油漆 0
[:01000014] E|铲子 0
[:01000014] E|斧头 0
[:01000014] E|锯子 0
[:01000014] E|
 1000228 7
[:01000014] E|玻璃 10
[:01000014] E|砖块 13
[:01000014] E|水泥 13
[:01000014] E|锤子 3
[:01000014] E|钉子 5
[:01000014] E|油漆 7
[:01000014] E|铲子 3
[:01000014] E|斧头 4
[:01000014] E|锯子 4
[:01000014] E|
 1000229 0
[:01000014] E|玻璃 0
[:01000014] E|砖块 0
[:01000014] E|水泥 0
[:01000014] E|锤子 0
[:01000014] E|钉子 0
[:01000014] E|油漆 0
[:01000014] E|铲子 0
[:01000014] E|斧头 0
[:01000014] E|锯子 0
[:01000014] E|
 1000230 8
[:01000014] E|玻璃 22
[:01000014] E|砖块 19
[:01000014] E|水泥 7
[:01000014] E|锤子 8
[:01000014] E|钉子 0
[:01000014] E|油漆 2
[:01000014] E|铲子 6
[:01000014] E|斧头 2
[:01000014] E|锯子 1
[:01000014] E|
 1000231 3
[:01000014] E|玻璃 0
[:01000014] E|砖块 0
[:01000014] E|水泥 0
[:01000014] E|锤子 3
[:01000014] E|钉子 9
[:01000014] E|油漆 5
[:01000014] E|铲子 0
[:01000014] E|斧头 3
[:01000014] E|锯子 1
[:01000014] E|
 1000232 0
[:01000014] E|玻璃 0
[:01000014] E|砖块 1
[:01000014] E|水泥 0
[:01000014] E|锤子 0
[:01000014] E|钉子 0
[:01000014] E|油漆 0
[:01000014] E|铲子 0
[:01000014] E|斧头 0
[:01000014] E|锯子 0
[:01000014] E|
 1000233 0
[:01000014] E|玻璃 1
[:01000014] E|砖块 3
[:01000014] E|水泥 3
[:01000014] E|锤子 0
[:01000014] E|钉子 0
[:01000014] E|油漆 1
[:01000014] E|铲子 0
[:01000014] E|斧头 1
[:01000014] E|锯子 0
[:01000014] E|
 1000234 1
[:01000014] E|玻璃 0
[:01000014] E|砖块 10
[:01000014] E|水泥 5
[:01000014] E|锤子 1
[:01000014] E|钉子 1
[:01000014] E|油漆 2
[:01000014] E|铲子 1
[:01000014] E|斧头 0
[:01000014] E|锯子 0
[:01000014] E|
 1000235 0
[:01000014] E|玻璃 0
[:01000014] E|砖块 0
[:01000014] E|水泥 0
[:01000014] E|锤子 0
[:01000014] E|钉子 0
[:01000014] E|油漆 0
[:01000014] E|铲子 0
[:01000014] E|斧头 0
[:01000014] E|锯子 0
[:01000014] E|
 1000236 0
[:01000014] E|玻璃 0
[:01000014] E|砖块 1
[:01000014] E|水泥 0
[:01000014] E|锤子 0
[:01000014] E|钉子 0
[:01000014] E|油漆 0
[:01000014] E|铲子 0
[:01000014] E|斧头 0
[:01000014] E|锯子 0
[:01000014] E|
 1000237 0
[:01000014] E|玻璃 2
[:01000014] E|砖块 3
[:01000014] E|水泥 0
[:01000014] E|锤子 0
[:01000014] E|钉子 0
[:01000014] E|油漆 0
[:01000014] E|铲子 0
[:01000014] E|斧头 0
[:01000014] E|锯子 0
[:01000014] E|
 1000238 0
[:01000014] E|玻璃 0
[:01000014] E|砖块 0
[:01000014] E|水泥 0
[:01000014] E|锤子 0
[:01000014] E|钉子 0
[:01000014] E|油漆 0
[:01000014] E|铲子 0
[:01000014] E|斧头 0
[:01000014] E|锯子 0
[:01000014] E|
 1000239 0
[:01000014] E|玻璃 0
[:01000014] E|砖块 0
[:01000014] E|水泥 0
[:01000014] E|锤子 0
[:01000014] E|钉子 0
[:01000014] E|油漆 0
[:01000014] E|铲子 0
[:01000014] E|斧头 0
[:01000014] E|锯子 0
[:01000014] E|
 1000240 0
[:01000014] E|玻璃 1
[:01000014] E|砖块 3
[:01000014] E|水泥 0
[:01000014] E|锤子 0
[:01000014] E|钉子 0
[:01000014] E|油漆 0
[:01000014] E|铲子 0
[:01000014] E|斧头 0
[:01000014] E|锯子 0
[:01000014] E|
 1000241 0
[:01000014] E|玻璃 0
[:01000014] E|砖块 0
[:01000014] E|水泥 0
[:01000014] E|锤子 0
[:01000014] E|钉子 0
[:01000014] E|油漆 0
[:01000014] E|铲子 0
[:01000014] E|斧头 0
[:01000014] E|锯子 0
[:01000014] E|
 1000242 0
[:01000014] E|玻璃 1
[:01000014] E|砖块 1
[:01000014] E|水泥 0
[:01000014] E|锤子 0
[:01000014] E|钉子 0
[:01000014] E|油漆 0
[:01000014] E|铲子 0
[:01000014] E|斧头 0
[:01000014] E|锯子 0
[:01000014] E|
 1000243 0
[:01000014] E|玻璃 0
[:01000014] E|砖块 0
[:01000014] E|水泥 0
[:01000014] E|锤子 0
[:01000014] E|钉子 0
[:01000014] E|油漆 0
[:01000014] E|铲子 0
[:01000014] E|斧头 0
[:01000014] E|锯子 0
[:01000014] E|
 1000244 0
[:01000014] E|玻璃 0
[:01000014] E|砖块 0
[:01000014] E|水泥 0
[:01000014] E|锤子 0
[:01000014] E|钉子 0
[:01000014] E|油漆 0
[:01000014] E|铲子 0
[:01000014] E|斧头 0
[:01000014] E|锯子 0
[:01000014] E|
 1000245 0
[:01000014] E|玻璃 0
[:01000014] E|砖块 0
[:01000014] E|水泥 0
[:01000014] E|锤子 0
[:01000014] E|钉子 0
[:01000014] E|油漆 0
[:01000014] E|铲子 0
[:01000014] E|斧头 0
[:01000014] E|锯子 0
[:01000014] E|
 1000246 0
[:01000014] E|玻璃 0
[:01000014] E|砖块 0
[:01000014] E|水泥 0
[:01000014] E|锤子 0
[:01000014] E|钉子 0
[:01000014] E|油漆 0
[:01000014] E|铲子 0
[:01000014] E|斧头 0
[:01000014] E|锯子 0
[:01000014] E|
 1000247 0
[:01000014] E|玻璃 3
[:01000014] E|砖块 4
[:01000014] E|水泥 3
[:01000014] E|锤子 0
[:01000014] E|钉子 1
[:01000014] E|油漆 0
[:01000014] E|铲子 0
[:01000014] E|斧头 0
[:01000014] E|锯子 0
[:01000014] E|
 1000248 0
[:01000014] E|玻璃 0
[:01000014] E|砖块 0
[:01000014] E|水泥 0
[:01000014] E|锤子 0
[:01000014] E|钉子 0
[:01000014] E|油漆 0
[:01000014] E|铲子 0
[:01000014] E|斧头 0
[:01000014] E|锯子 0
[:01000014] E|
 1000249 0
[:01000014] E|玻璃 0
[:01000014] E|砖块 0
[:01000014] E|水泥 0
[:01000014] E|锤子 0
[:01000014] E|钉子 0
[:01000014] E|油漆 0
[:01000014] E|铲子 0
[:01000014] E|斧头 0
[:01000014] E|锯子 0
[:01000014] E|
 1000250 1
[:01000014] E|玻璃 6
[:01000014] E|砖块 6
[:01000014] E|水泥 5
[:01000014] E|锤子 0
[:01000014] E|钉子 1
[:01000014] E|油漆 0
[:01000014] E|铲子 0
[:01000014] E|斧头 1
[:01000014] E|锯子 1
[:01000014] E|
 1000251 0
[:01000014] E|玻璃 0
[:01000014] E|砖块 0
[:01000014] E|水泥 0
[:01000014] E|锤子 0
[:01000014] E|钉子 0
[:01000014] E|油漆 0
[:01000014] E|铲子 0
[:01000014] E|斧头 0
[:01000014] E|锯子 0
[:01000014] E|
 1000252 0
[:01000014] E|玻璃 0
[:01000014] E|砖块 0
[:01000014] E|水泥 0
[:01000014] E|锤子 0
[:01000014] E|钉子 0
[:01000014] E|油漆 0
[:01000014] E|铲子 0
[:01000014] E|斧头 0
[:01000014] E|锯子 0
[:01000014] E|
 1000253 0
[:01000014] E|玻璃 0
[:01000014] E|砖块 0
[:01000014] E|水泥 0
[:01000014] E|锤子 0
[:01000014] E|钉子 0
[:01000014] E|油漆 0
[:01000014] E|铲子 0
[:01000014] E|斧头 0
[:01000014] E|锯子 0
[:01000014] E|
 1000254 4
[:01000014] E|玻璃 3
[:01000014] E|砖块 5
[:01000014] E|水泥 5
[:01000014] E|锤子 0
[:01000014] E|钉子 2
[:01000014] E|油漆 3
[:01000014] E|铲子 1
[:01000014] E|斧头 0
[:01000014] E|锯子 2
[:01000014] E|
 1000255 0
[:01000014] E|玻璃 0
[:01000014] E|砖块 0
[:01000014] E|水泥 0
[:01000014] E|锤子 0
[:01000014] E|钉子 0
[:01000014] E|油漆 0
[:01000014] E|铲子 0
[:01000014] E|斧头 0
[:01000014] E|锯子 0
[:01000014] E|
 1000256 0
[:01000014] E|玻璃 1
[:01000014] E|砖块 1
[:01000014] E|水泥 0
[:01000014] E|锤子 0
[:01000014] E|钉子 0
[:01000014] E|油漆 0
[:01000014] E|铲子 0
[:01000014] E|斧头 0
[:01000014] E|锯子 0
[:01000014] E|
 1000257 0
[:01000014] E|玻璃 0
[:01000014] E|砖块 0
[:01000014] E|水泥 1
[:01000014] E|锤子 0
[:01000014] E|钉子 1
[:01000014] E|油漆 0
[:01000014] E|铲子 1
[:01000014] E|斧头 0
[:01000014] E|锯子 0
[:01000014] E|
 1000258 0
[:01000014] E|玻璃 0
[:01000014] E|砖块 0
[:01000014] E|水泥 0
[:01000014] E|锤子 0
[:01000014] E|钉子 0
[:01000014] E|油漆 0
[:01000014] E|铲子 0
[:01000014] E|斧头 0
[:01000014] E|锯子 0
[:01000014] E|
 1000259 0
[:01000014] E|玻璃 0
[:01000014] E|砖块 0
[:01000014] E|水泥 0
[:01000014] E|锤子 0
[:01000014] E|钉子 0
[:01000014] E|油漆 0
[:01000014] E|铲子 0
[:01000014] E|斧头 0
[:01000014] E|锯子 0
[:01000014] E|
 1000260 0
[:01000014] E|玻璃 0
[:01000014] E|砖块 0
[:01000014] E|水泥 0
[:01000014] E|锤子 0
[:01000014] E|钉子 0
[:01000014] E|油漆 0
[:01000014] E|铲子 0
[:01000014] E|斧头 0
[:01000014] E|锯子 0
[:01000014] E|
 1000261 23
[:01000014] E|玻璃 0
[:01000014] E|砖块 4
[:01000014] E|水泥 1
[:01000014] E|锤子 13
[:01000014] E|钉子 16
[:01000014] E|油漆 15
[:01000014] E|铲子 1
[:01000014] E|斧头 0
[:01000014] E|锯子 1
[:01000014] E|
 1000262 0
[:01000014] E|玻璃 0
[:01000014] E|砖块 0
[:01000014] E|水泥 0
[:01000014] E|锤子 0
[:01000014] E|钉子 0
[:01000014] E|油漆 0
[:01000014] E|铲子 0
[:01000014] E|斧头 0
[:01000014] E|锯子 0
[:01000014] E|
 1000263 0
[:01000014] E|玻璃 0
[:01000014] E|砖块 0
[:01000014] E|水泥 0
[:01000014] E|锤子 0
[:01000014] E|钉子 0
[:01000014] E|油漆 0
[:01000014] E|铲子 0
[:01000014] E|斧头 0
[:01000014] E|锯子 0
[:01000014] E|
 1000264 0
[:01000014] E|玻璃 1
[:01000014] E|砖块 1
[:01000014] E|水泥 0
[:01000014] E|锤子 0
[:01000014] E|钉子 0
[:01000014] E|油漆 0
[:01000014] E|铲子 0
[:01000014] E|斧头 0
[:01000014] E|锯子 0
[:01000014] E|
 1000265 0
[:01000014] E|玻璃 0
[:01000014] E|砖块 1
[:01000014] E|水泥 0
[:01000014] E|锤子 0
[:01000014] E|钉子 0
[:01000014] E|油漆 0
[:01000014] E|铲子 0
[:01000014] E|斧头 0
[:01000014] E|锯子 0
[:01000014] E|
 1000266 1
[:01000014] E|玻璃 1
[:01000014] E|砖块 1
[:01000014] E|水泥 1
[:01000014] E|锤子 0
[:01000014] E|钉子 2
[:01000014] E|油漆 6
[:01000014] E|铲子 1
[:01000014] E|斧头 0
[:01000014] E|锯子 1
[:01000014] E|
 1000267 0
[:01000014] E|玻璃 2
[:01000014] E|砖块 4
[:01000014] E|水泥 1
[:01000014] E|锤子 1
[:01000014] E|钉子 0
[:01000014] E|油漆 1
[:01000014] E|铲子 1
[:01000014] E|斧头 0
[:01000014] E|锯子 1
[:01000014] E|
 1000268 0
[:01000014] E|玻璃 0
[:01000014] E|砖块 0
[:01000014] E|水泥 0
[:01000014] E|锤子 0
[:01000014] E|钉子 0
[:01000014] E|油漆 0
[:01000014] E|铲子 0
[:01000014] E|斧头 0
[:01000014] E|锯子 0
[:01000014] E|
 1000269 0
[:01000014] E|玻璃 0
[:01000014] E|砖块 0
[:01000014] E|水泥 0
[:01000014] E|锤子 0
[:01000014] E|钉子 0
[:01000014] E|油漆 0
[:01000014] E|铲子 0
[:01000014] E|斧头 0
[:01000014] E|锯子 0
[:01000014] E|
 1000270 0
[:01000014] E|玻璃 0
[:01000014] E|砖块 0
[:01000014] E|水泥 0
[:01000014] E|锤子 0
[:01000014] E|钉子 0
[:01000014] E|油漆 0
[:01000014] E|铲子 0
[:01000014] E|斧头 0
[:01000014] E|锯子 0
[:01000014] E|
 1000271 0
[:01000014] E|玻璃 0
[:01000014] E|砖块 0
[:01000014] E|水泥 0
[:01000014] E|锤子 0
[:01000014] E|钉子 0
[:01000014] E|油漆 0
[:01000014] E|铲子 0
[:01000014] E|斧头 0
[:01000014] E|锯子 0
[:01000014] E|
 1000272 0
[:01000014] E|玻璃 5
[:01000014] E|砖块 6
[:01000014] E|水泥 4
[:01000014] E|锤子 3
[:01000014] E|钉子 1
[:01000014] E|油漆 0
[:01000014] E|铲子 0
[:01000014] E|斧头 0
[:01000014] E|锯子 0
[:01000014] E|
 1000273 0
[:01000014] E|玻璃 0
[:01000014] E|砖块 0
[:01000014] E|水泥 0
[:01000014] E|锤子 0
[:01000014] E|钉子 0
[:01000014] E|油漆 0
[:01000014] E|铲子 0
[:01000014] E|斧头 0
[:01000014] E|锯子 0
[:01000014] E|
 1000274 0
[:01000014] E|玻璃 0
[:01000014] E|砖块 0
[:01000014] E|水泥 0
[:01000014] E|锤子 0
[:01000014] E|钉子 0
[:01000014] E|油漆 0
[:01000014] E|铲子 0
[:01000014] E|斧头 0
[:01000014] E|锯子 0
[:01000014] E|
 1000275 2
[:01000014] E|玻璃 6
[:01000014] E|砖块 4
[:01000014] E|水泥 3
[:01000014] E|锤子 3
[:01000014] E|钉子 2
[:01000014] E|油漆 2
[:01000014] E|铲子 0
[:01000014] E|斧头 0
[:01000014] E|锯子 0
[:01000014] E|
 1000276 0
[:01000014] E|玻璃 0
[:01000014] E|砖块 0
[:01000014] E|水泥 0
[:01000014] E|锤子 0
[:01000014] E|钉子 0
[:01000014] E|油漆 0
[:01000014] E|铲子 0
[:01000014] E|斧头 0
[:01000014] E|锯子 0
[:01000014] E|
 1000277 2
[:01000014] E|玻璃 0
[:01000014] E|砖块 5
[:01000014] E|水泥 0
[:01000014] E|锤子 1
[:01000014] E|钉子 0
[:01000014] E|油漆 1
[:01000014] E|铲子 0
[:01000014] E|斧头 0
[:01000014] E|锯子 1
[:01000014] E|
 1000278 0
[:01000014] E|玻璃 0
[:01000014] E|砖块 0
[:01000014] E|水泥 0
[:01000014] E|锤子 0
[:01000014] E|钉子 0
[:01000014] E|油漆 0
[:01000014] E|铲子 0
[:01000014] E|斧头 0
[:01000014] E|锯子 0
[:01000014] E|
 1000279 0
[:01000014] E|玻璃 0
[:01000014] E|砖块 0
[:01000014] E|水泥 0
[:01000014] E|锤子 0
[:01000014] E|钉子 0
[:01000014] E|油漆 0
[:01000014] E|铲子 0
[:01000014] E|斧头 0
[:01000014] E|锯子 0
[:01000014] E|
 1000280 0
[:01000014] E|玻璃 3
[:01000014] E|砖块 5
[:01000014] E|水泥 2
[:01000014] E|锤子 1
[:01000014] E|钉子 0
[:01000014] E|油漆 0
[:01000014] E|铲子 0
[:01000014] E|斧头 0
[:01000014] E|锯子 1
[:01000014] E|
 1000281 0
[:01000014] E|玻璃 0
[:01000014] E|砖块 0
[:01000014] E|水泥 0
[:01000014] E|锤子 0
[:01000014] E|钉子 0
[:01000014] E|油漆 0
[:01000014] E|铲子 0
[:01000014] E|斧头 0
[:01000014] E|锯子 0
[:01000014] E|
 1000282 0
[:01000014] E|玻璃 0
[:01000014] E|砖块 0
[:01000014] E|水泥 0
[:01000014] E|锤子 0
[:01000014] E|钉子 0
[:01000014] E|油漆 0
[:01000014] E|铲子 0
[:01000014] E|斧头 0
[:01000014] E|锯子 0
[:01000014] E|
 1000283 0
[:01000014] E|玻璃 1
[:01000014] E|砖块 1
[:01000014] E|水泥 0
[:01000014] E|锤子 0
[:01000014] E|钉子 0
[:01000014] E|油漆 0
[:01000014] E|铲子 0
[:01000014] E|斧头 1
[:01000014] E|锯子 0
[:01000014] E|
 1000284 0
[:01000014] E|玻璃 0
[:01000014] E|砖块 0
[:01000014] E|水泥 0
[:01000014] E|锤子 0
[:01000014] E|钉子 0
[:01000014] E|油漆 0
[:01000014] E|铲子 0
[:01000014] E|斧头 0
[:01000014] E|锯子 0
[:01000014] E|
 1000285 0
[:01000014] E|玻璃 0
[:01000014] E|砖块 0
[:01000014] E|水泥 0
[:01000014] E|锤子 0
[:01000014] E|钉子 0
[:01000014] E|油漆 0
[:01000014] E|铲子 0
[:01000014] E|斧头 0
[:01000014] E|锯子 0
[:01000014] E|
 1000286 5
[:01000014] E|玻璃 11
[:01000014] E|砖块 17
[:01000014] E|水泥 1
[:01000014] E|锤子 7
[:01000014] E|钉子 2
[:01000014] E|油漆 3
[:01000014] E|铲子 9
[:01000014] E|斧头 9
[:01000014] E|锯子 9
[:01000014] E|
 1000287 0
[:01000014] E|玻璃 0
[:01000014] E|砖块 0
[:01000014] E|水泥 0
[:01000014] E|锤子 0
[:01000014] E|钉子 0
[:01000014] E|油漆 0
[:01000014] E|铲子 0
[:01000014] E|斧头 0
[:01000014] E|锯子 0
[:01000014] E|
 1000288 0
[:01000014] E|玻璃 0
[:01000014] E|砖块 0
[:01000014] E|水泥 0
[:01000014] E|锤子 0
[:01000014] E|钉子 0
[:01000014] E|油漆 0
[:01000014] E|铲子 0
[:01000014] E|斧头 0
[:01000014] E|锯子 0
[:01000014] E|
 1000289 0
[:01000014] E|玻璃 0
[:01000014] E|砖块 0
[:01000014] E|水泥 0
[:01000014] E|锤子 0
[:01000014] E|钉子 0
[:01000014] E|油漆 0
[:01000014] E|铲子 0
[:01000014] E|斧头 0
[:01000014] E|锯子 0
[:01000014] E|
 1000290 0
[:01000014] E|玻璃 2
[:01000014] E|砖块 4
[:01000014] E|水泥 1
[:01000014] E|锤子 0
[:01000014] E|钉子 5
[:01000014] E|油漆 2
[:01000014] E|铲子 0
[:01000014] E|斧头 1
[:01000014] E|锯子 2
[:01000014] E|
 1000291 0
[:01000014] E|玻璃 0
[:01000014] E|砖块 0
[:01000014] E|水泥 0
[:01000014] E|锤子 0
[:01000014] E|钉子 0
[:01000014] E|油漆 0
[:01000014] E|铲子 0
[:01000014] E|斧头 0
[:01000014] E|锯子 0
[:01000014] E|
 1000292 0
[:01000014] E|玻璃 0
[:01000014] E|砖块 0
[:01000014] E|水泥 0
[:01000014] E|锤子 0
[:01000014] E|钉子 0
[:01000014] E|油漆 0
[:01000014] E|铲子 0
[:01000014] E|斧头 0
[:01000014] E|锯子 0
[:01000014] E|
 1000293 0
[:01000014] E|玻璃 0
[:01000014] E|砖块 0
[:01000014] E|水泥 0
[:01000014] E|锤子 0
[:01000014] E|钉子 0
[:01000014] E|油漆 0
[:01000014] E|铲子 0
[:01000014] E|斧头 0
[:01000014] E|锯子 0
[:01000014] E|
 1000294 0
[:01000014] E|玻璃 0
[:01000014] E|砖块 0
[:01000014] E|水泥 0
[:01000014] E|锤子 0
[:01000014] E|钉子 0
[:01000014] E|油漆 0
[:01000014] E|铲子 0
[:01000014] E|斧头 0
[:01000014] E|锯子 0
[:01000014] E|
 1000295 0
[:01000014] E|玻璃 0
[:01000014] E|砖块 0
[:01000014] E|水泥 0
[:01000014] E|锤子 0
[:01000014] E|钉子 0
[:01000014] E|油漆 0
[:01000014] E|铲子 0
[:01000014] E|斧头 0
[:01000014] E|锯子 0
[:01000014] E|
 1000296 0
[:01000014] E|玻璃 2
[:01000014] E|砖块 3
[:01000014] E|水泥 1
[:01000014] E|锤子 0
[:01000014] E|钉子 1
[:01000014] E|油漆 0
[:01000014] E|铲子 0
[:01000014] E|斧头 0
[:01000014] E|锯子 0
[:01000014] E|
 1000297 0
[:01000014] E|玻璃 0
[:01000014] E|砖块 0
[:01000014] E|水泥 0
[:01000014] E|锤子 0
[:01000014] E|钉子 0
[:01000014] E|油漆 0
[:01000014] E|铲子 0
[:01000014] E|斧头 0
[:01000014] E|锯子 0
[:01000014] E|
 1000298 0
[:01000014] E|玻璃 1
[:01000014] E|砖块 2
[:01000014] E|水泥 0
[:01000014] E|锤子 0
[:01000014] E|钉子 0
[:01000014] E|油漆 0
[:01000014] E|铲子 0
[:01000014] E|斧头 0
[:01000014] E|锯子 0
[:01000014] E|
 1000299 0
[:01000014] E|玻璃 4
[:01000014] E|砖块 4
[:01000014] E|水泥 3
[:01000014] E|锤子 1
[:01000014] E|钉子 0
[:01000014] E|油漆 2
[:01000014] E|铲子 1
[:01000014] E|斧头 0
[:01000014] E|锯子 0
[:01000014] E|
 1000300 2
[:01000014] E|玻璃 0
[:01000014] E|砖块 0
[:01000014] E|水泥 0
[:01000014] E|锤子 0
[:01000014] E|钉子 0
[:01000014] E|油漆 1
[:01000014] E|铲子 1
[:01000014] E|斧头 1
[:01000014] E|锯子 1
[:01000014] E|
 1000301 0
[:01000014] E|玻璃 0
[:01000014] E|砖块 0
[:01000014] E|水泥 0
[:01000014] E|锤子 0
[:01000014] E|钉子 0
[:01000014] E|油漆 0
[:01000014] E|铲子 0
[:01000014] E|斧头 0
[:01000014] E|锯子 0
[:01000014] E|
 1000302 0
[:01000014] E|玻璃 2
[:01000014] E|砖块 3
[:01000014] E|水泥 2
[:01000014] E|锤子 1
[:01000014] E|钉子 0
[:01000014] E|油漆 0
[:01000014] E|铲子 0
[:01000014] E|斧头 1
[:01000014] E|锯子 0
[:01000014] E|
 1000303 0
[:01000014] E|玻璃 1
[:01000014] E|砖块 2
[:01000014] E|水泥 0
[:01000014] E|锤子 0
[:01000014] E|钉子 0
[:01000014] E|油漆 0
[:01000014] E|铲子 0
[:01000014] E|斧头 0
[:01000014] E|锯子 0
[:01000014] E|
 1000304 0
[:01000014] E|玻璃 2
[:01000014] E|砖块 2
[:01000014] E|水泥 0
[:01000014] E|锤子 0
[:01000014] E|钉子 0
[:01000014] E|油漆 0
[:01000014] E|铲子 0
[:01000014] E|斧头 0
[:01000014] E|锯子 0
[:01000014] E|
 1000305 0
[:01000014] E|玻璃 2
[:01000014] E|砖块 2
[:01000014] E|水泥 0
[:01000014] E|锤子 0
[:01000014] E|钉子 0
[:01000014] E|油漆 0
[:01000014] E|铲子 0
[:01000014] E|斧头 0
[:01000014] E|锯子 0
[:01000014] E|
 1000306 3
[:01000014] E|玻璃 2
[:01000014] E|砖块 6
[:01000014] E|水泥 5
[:01000014] E|锤子 2
[:01000014] E|钉子 0
[:01000014] E|油漆 2
[:01000014] E|铲子 2
[:01000014] E|斧头 1
[:01000014] E|锯子 1
[:01000014] E|
 1000307 0
[:01000014] E|玻璃 0
[:01000014] E|砖块 0
[:01000014] E|水泥 0
[:01000014] E|锤子 0
[:01000014] E|钉子 0
[:01000014] E|油漆 0
[:01000014] E|铲子 0
[:01000014] E|斧头 0
[:01000014] E|锯子 0
[:01000014] E|
 1000308 0
[:01000014] E|玻璃 0
[:01000014] E|砖块 0
[:01000014] E|水泥 0
[:01000014] E|锤子 0
[:01000014] E|钉子 0
[:01000014] E|油漆 0
[:01000014] E|铲子 0
[:01000014] E|斧头 0
[:01000014] E|锯子 0
[:01000014] E|
 1000309 0
[:01000014] E|玻璃 0
[:01000014] E|砖块 0
[:01000014] E|水泥 0
[:01000014] E|锤子 0
[:01000014] E|钉子 0
[:01000014] E|油漆 0
[:01000014] E|铲子 0
[:01000014] E|斧头 0
[:01000014] E|锯子 0
[:01000014] E|
 1000310 0
[:01000014] E|玻璃 0
[:01000014] E|砖块 0
[:01000014] E|水泥 0
[:01000014] E|锤子 0
[:01000014] E|钉子 0
[:01000014] E|油漆 0
[:01000014] E|铲子 0
[:01000014] E|斧头 0
[:01000014] E|锯子 0
[:01000014] E|
 1000311 0
[:01000014] E|玻璃 0
[:01000014] E|砖块 1
[:01000014] E|水泥 0
[:01000014] E|锤子 0
[:01000014] E|钉子 0
[:01000014] E|油漆 0
[:01000014] E|铲子 0
[:01000014] E|斧头 0
[:01000014] E|锯子 0
[:01000014] E|
 1000312 0
[:01000014] E|玻璃 0
[:01000014] E|砖块 0
[:01000014] E|水泥 0
[:01000014] E|锤子 0
[:01000014] E|钉子 0
[:01000014] E|油漆 0
[:01000014] E|铲子 0
[:01000014] E|斧头 0
[:01000014] E|锯子 0
[:01000014] E|
 1000313 0
[:01000014] E|玻璃 1
[:01000014] E|砖块 1
[:01000014] E|水泥 0
[:01000014] E|锤子 0
[:01000014] E|钉子 0
[:01000014] E|油漆 0
[:01000014] E|铲子 0
[:01000014] E|斧头 0
[:01000014] E|锯子 0
[:01000014] E|
 1000314 0
[:01000014] E|玻璃 0
[:01000014] E|砖块 0
[:01000014] E|水泥 0
[:01000014] E|锤子 0
[:01000014] E|钉子 0
[:01000014] E|油漆 0
[:01000014] E|铲子 0
[:01000014] E|斧头 0
[:01000014] E|锯子 0
[:01000014] E|
 1000315 3
[:01000014] E|玻璃 2
[:01000014] E|砖块 5
[:01000014] E|水泥 10
[:01000014] E|锤子 2
[:01000014] E|钉子 3
[:01000014] E|油漆 8
[:01000014] E|铲子 1
[:01000014] E|斧头 0
[:01000014] E|锯子 3
[:01000014] E|
 1000316 6
[:01000014] E|玻璃 6
[:01000014] E|砖块 0
[:01000014] E|水泥 0
[:01000014] E|锤子 6
[:01000014] E|钉子 2
[:01000014] E|油漆 4
[:01000014] E|铲子 2
[:01000014] E|斧头 7
[:01000014] E|锯子 11
[:01000014] E|
 1000317 0
[:01000014] E|玻璃 1
[:01000014] E|砖块 1
[:01000014] E|水泥 0
[:01000014] E|锤子 0
[:01000014] E|钉子 0
[:01000014] E|油漆 0
[:01000014] E|铲子 0
[:01000014] E|斧头 0
[:01000014] E|锯子 1
[:01000014] E|
 1000318 0
[:01000014] E|玻璃 0
[:01000014] E|砖块 1
[:01000014] E|水泥 0
[:01000014] E|锤子 0
[:01000014] E|钉子 0
[:01000014] E|油漆 0
[:01000014] E|铲子 0
[:01000014] E|斧头 0
[:01000014] E|锯子 0
[:01000014] E|
 1000319 0
[:01000014] E|玻璃 0
[:01000014] E|砖块 0
[:01000014] E|水泥 0
[:01000014] E|锤子 0
[:01000014] E|钉子 0
[:01000014] E|油漆 0
[:01000014] E|铲子 0
[:01000014] E|斧头 0
[:01000014] E|锯子 0
[:01000014] E|
 1000320 0
[:01000014] E|玻璃 1
[:01000014] E|砖块 1
[:01000014] E|水泥 0
[:01000014] E|锤子 0
[:01000014] E|钉子 0
[:01000014] E|油漆 0
[:01000014] E|铲子 0
[:01000014] E|斧头 0
[:01000014] E|锯子 0
[:01000014] E|
 1000321 3
[:01000014] E|玻璃 1
[:01000014] E|砖块 3
[:01000014] E|水泥 3
[:01000014] E|锤子 2
[:01000014] E|钉子 2
[:01000014] E|油漆 4
[:01000014] E|铲子 3
[:01000014] E|斧头 3
[:01000014] E|锯子 0
[:01000014] E|
 1000322 0
[:01000014] E|玻璃 2
[:01000014] E|砖块 4
[:01000014] E|水泥 2
[:01000014] E|锤子 0
[:01000014] E|钉子 1
[:01000014] E|油漆 3
[:01000014] E|铲子 0
[:01000014] E|斧头 1
[:01000014] E|锯子 0
[:01000014] E|
 1000323 1
[:01000014] E|玻璃 1
[:01000014] E|砖块 1
[:01000014] E|水泥 0
[:01000014] E|锤子 1
[:01000014] E|钉子 2
[:01000014] E|油漆 1
[:01000014] E|铲子 2
[:01000014] E|斧头 2
[:01000014] E|锯子 2
[:01000014] E|
 1000324 0
[:01000014] E|玻璃 0
[:01000014] E|砖块 1
[:01000014] E|水泥 0
[:01000014] E|锤子 0
[:01000014] E|钉子 0
[:01000014] E|油漆 0
[:01000014] E|铲子 0
[:01000014] E|斧头 0
[:01000014] E|锯子 0
[:01000014] E|
 1000325 0
[:01000014] E|玻璃 0
[:01000014] E|砖块 0
[:01000014] E|水泥 0
[:01000014] E|锤子 0
[:01000014] E|钉子 0
[:01000014] E|油漆 0
[:01000014] E|铲子 0
[:01000014] E|斧头 0
[:01000014] E|锯子 0
[:01000014] E|
 1000326 0
[:01000014] E|玻璃 0
[:01000014] E|砖块 0
[:01000014] E|水泥 0
[:01000014] E|锤子 0
[:01000014] E|钉子 0
[:01000014] E|油漆 0
[:01000014] E|铲子 0
[:01000014] E|斧头 0
[:01000014] E|锯子 0
[:01000014] E|
 1000327 0
[:01000014] E|玻璃 5
[:01000014] E|砖块 4
[:01000014] E|水泥 4
[:01000014] E|锤子 0
[:01000014] E|钉子 2
[:01000014] E|油漆 0
[:01000014] E|铲子 0
[:01000014] E|斧头 0
[:01000014] E|锯子 0
[:01000014] E|
 1000328 0
[:01000014] E|玻璃 1
[:01000014] E|砖块 2
[:01000014] E|水泥 0
[:01000014] E|锤子 0
[:01000014] E|钉子 0
[:01000014] E|油漆 0
[:01000014] E|铲子 0
[:01000014] E|斧头 0
[:01000014] E|锯子 0
[:01000014] E|
 1000329 0
[:01000014] E|玻璃 0
[:01000014] E|砖块 0
[:01000014] E|水泥 0
[:01000014] E|锤子 0
[:01000014] E|钉子 0
[:01000014] E|油漆 0
[:01000014] E|铲子 0
[:01000014] E|斧头 0
[:01000014] E|锯子 0
[:01000014] E|
 1000330 0
[:01000014] E|玻璃 1
[:01000014] E|砖块 1
[:01000014] E|水泥 0
[:01000014] E|锤子 0
[:01000014] E|钉子 0
[:01000014] E|油漆 0
[:01000014] E|铲子 0
[:01000014] E|斧头 0
[:01000014] E|锯子 0
[:01000014] E|
 1000331 0
[:01000014] E|玻璃 0
[:01000014] E|砖块 0
[:01000014] E|水泥 0
[:01000014] E|锤子 0
[:01000014] E|钉子 0
[:01000014] E|油漆 0
[:01000014] E|铲子 0
[:01000014] E|斧头 0
[:01000014] E|锯子 0
[:01000014] E|
 1000332 0
[:01000014] E|玻璃 0
[:01000014] E|砖块 0
[:01000014] E|水泥 0
[:01000014] E|锤子 0
[:01000014] E|钉子 0
[:01000014] E|油漆 0
[:01000014] E|铲子 0
[:01000014] E|斧头 0
[:01000014] E|锯子 0
[:01000014] E|
 1000333 0
[:01000014] E|玻璃 0
[:01000014] E|砖块 0
[:01000014] E|水泥 0
[:01000014] E|锤子 0
[:01000014] E|钉子 0
[:01000014] E|油漆 0
[:01000014] E|铲子 0
[:01000014] E|斧头 0
[:01000014] E|锯子 0
[:01000014] E|
 1000334 0
[:01000014] E|玻璃 4
[:01000014] E|砖块 5
[:01000014] E|水泥 3
[:01000014] E|锤子 1
[:01000014] E|钉子 0
[:01000014] E|油漆 0
[:01000014] E|铲子 1
[:01000014] E|斧头 0
[:01000014] E|锯子 1
[:01000014] E|
 1000335 0
[:01000014] E|玻璃 0
[:01000014] E|砖块 0
[:01000014] E|水泥 0
[:01000014] E|锤子 0
[:01000014] E|钉子 0
[:01000014] E|油漆 0
[:01000014] E|铲子 0
[:01000014] E|斧头 0
[:01000014] E|锯子 0
[:01000014] E|
 1000336 0
[:01000014] E|玻璃 4
[:01000014] E|砖块 4
[:01000014] E|水泥 2
[:01000014] E|锤子 0
[:01000014] E|钉子 0
[:01000014] E|油漆 0
[:01000014] E|铲子 0
[:01000014] E|斧头 0
[:01000014] E|锯子 0
[:01000014] E|
 1000337 2
[:01000014] E|玻璃 3
[:01000014] E|砖块 4
[:01000014] E|水泥 3
[:01000014] E|锤子 2
[:01000014] E|钉子 1
[:01000014] E|油漆 0
[:01000014] E|铲子 0
[:01000014] E|斧头 0
[:01000014] E|锯子 2
[:01000014] E|
 1000338 0
[:01000014] E|玻璃 1
[:01000014] E|砖块 1
[:01000014] E|水泥 0
[:01000014] E|锤子 0
[:01000014] E|钉子 0
[:01000014] E|油漆 0
[:01000014] E|铲子 0
[:01000014] E|斧头 0
[:01000014] E|锯子 0
[:01000014] E|
 1000339 0
[:01000014] E|玻璃 0
[:01000014] E|砖块 0
[:01000014] E|水泥 0
[:01000014] E|锤子 0
[:01000014] E|钉子 0
[:01000014] E|油漆 0
[:01000014] E|铲子 0
[:01000014] E|斧头 0
[:01000014] E|锯子 0
[:01000014] E|
 1000340 0
[:01000014] E|玻璃 1
[:01000014] E|砖块 1
[:01000014] E|水泥 0
[:01000014] E|锤子 0
[:01000014] E|钉子 0
[:01000014] E|油漆 0
[:01000014] E|铲子 0
[:01000014] E|斧头 0
[:01000014] E|锯子 0
[:01000014] E|
 1000341 0
[:01000014] E|玻璃 3
[:01000014] E|砖块 3
[:01000014] E|水泥 2
[:01000014] E|锤子 0
[:01000014] E|钉子 0
[:01000014] E|油漆 2
[:01000014] E|铲子 0
[:01000014] E|斧头 0
[:01000014] E|锯子 0
[:01000014] E|
 1000342 0
[:01000014] E|玻璃 0
[:01000014] E|砖块 1
[:01000014] E|水泥 0
[:01000014] E|锤子 0
[:01000014] E|钉子 0
[:01000014] E|油漆 0
[:01000014] E|铲子 0
[:01000014] E|斧头 0
[:01000014] E|锯子 0
[:01000014] E|
 1000343 0
[:01000014] E|玻璃 3
[:01000014] E|砖块 4
[:01000014] E|水泥 3
[:01000014] E|锤子 0
[:01000014] E|钉子 0
[:01000014] E|油漆 0
[:01000014] E|铲子 0
[:01000014] E|斧头 0
[:01000014] E|锯子 0
[:01000014] E|
 1000344 0
[:01000014] E|玻璃 1
[:01000014] E|砖块 1
[:01000014] E|水泥 0
[:01000014] E|锤子 0
[:01000014] E|钉子 0
[:01000014] E|油漆 0
[:01000014] E|铲子 0
[:01000014] E|斧头 0
[:01000014] E|锯子 0
[:01000014] E|
 1000345 0
[:01000014] E|玻璃 0
[:01000014] E|砖块 0
[:01000014] E|水泥 0
[:01000014] E|锤子 0
[:01000014] E|钉子 0
[:01000014] E|油漆 0
[:01000014] E|铲子 0
[:01000014] E|斧头 0
[:01000014] E|锯子 0
[:01000014] E|
 1000346 1
[:01000014] E|玻璃 0
[:01000014] E|砖块 4
[:01000014] E|水泥 2
[:01000014] E|锤子 0
[:01000014] E|钉子 0
[:01000014] E|油漆 1
[:01000014] E|铲子 0
[:01000014] E|斧头 0
[:01000014] E|锯子 0
[:01000014] E|
 1000347 0
[:01000014] E|玻璃 0
[:01000014] E|砖块 1
[:01000014] E|水泥 0
[:01000014] E|锤子 0
[:01000014] E|钉子 0
[:01000014] E|油漆 0
[:01000014] E|铲子 0
[:01000014] E|斧头 0
[:01000014] E|锯子 0
[:01000014] E|
 1000348 0
[:01000014] E|玻璃 0
[:01000014] E|砖块 0
[:01000014] E|水泥 0
[:01000014] E|锤子 0
[:01000014] E|钉子 0
[:01000014] E|油漆 0
[:01000014] E|铲子 0
[:01000014] E|斧头 0
[:01000014] E|锯子 0
[:01000014] E|
 1000349 0
[:01000014] E|玻璃 0
[:01000014] E|砖块 0
[:01000014] E|水泥 0
[:01000014] E|锤子 0
[:01000014] E|钉子 0
[:01000014] E|油漆 0
[:01000014] E|铲子 0
[:01000014] E|斧头 0
[:01000014] E|锯子 0
[:01000014] E|
 1000350 0
[:01000014] E|玻璃 0
[:01000014] E|砖块 0
[:01000014] E|水泥 0
[:01000014] E|锤子 0
[:01000014] E|钉子 0
[:01000014] E|油漆 0
[:01000014] E|铲子 0
[:01000014] E|斧头 0
[:01000014] E|锯子 0
[:01000014] E|
 1000351 0
[:01000014] E|玻璃 0
[:01000014] E|砖块 0
[:01000014] E|水泥 0
[:01000014] E|锤子 0
[:01000014] E|钉子 0
[:01000014] E|油漆 0
[:01000014] E|铲子 0
[:01000014] E|斧头 0
[:01000014] E|锯子 0
[:01000014] E|
 1000352 0
[:01000014] E|玻璃 1
[:01000014] E|砖块 2
[:01000014] E|水泥 0
[:01000014] E|锤子 0
[:01000014] E|钉子 0
[:01000014] E|油漆 0
[:01000014] E|铲子 0
[:01000014] E|斧头 0
[:01000014] E|锯子 0
[:01000014] E|
 1000353 0
[:01000014] E|玻璃 0
[:01000014] E|砖块 0
[:01000014] E|水泥 0
[:01000014] E|锤子 0
[:01000014] E|钉子 0
[:01000014] E|油漆 0
[:01000014] E|铲子 0
[:01000014] E|斧头 0
[:01000014] E|锯子 0
[:01000014] E|
 1000354 0
[:01000014] E|玻璃 0
[:01000014] E|砖块 0
[:01000014] E|水泥 0
[:01000014] E|锤子 0
[:01000014] E|钉子 0
[:01000014] E|油漆 0
[:01000014] E|铲子 0
[:01000014] E|斧头 0
[:01000014] E|锯子 0
[:01000014] E|
 1000355 6
[:01000014] E|玻璃 5
[:01000014] E|砖块 1
[:01000014] E|水泥 10
[:01000014] E|锤子 0
[:01000014] E|钉子 0
[:01000014] E|油漆 2
[:01000014] E|铲子 8
[:01000014] E|斧头 11
[:01000014] E|锯子 9
[:01000014] E|
 1000356 0
[:01000014] E|玻璃 1
[:01000014] E|砖块 1
[:01000014] E|水泥 0
[:01000014] E|锤子 0
[:01000014] E|钉子 0
[:01000014] E|油漆 0
[:01000014] E|铲子 0
[:01000014] E|斧头 0
[:01000014] E|锯子 0
[:01000014] E|
 1000357 0
[:01000014] E|玻璃 0
[:01000014] E|砖块 1
[:01000014] E|水泥 0
[:01000014] E|锤子 0
[:01000014] E|钉子 0
[:01000014] E|油漆 0
[:01000014] E|铲子 0
[:01000014] E|斧头 0
[:01000014] E|锯子 0
[:01000014] E|
 1000358 4
[:01000014] E|玻璃 0
[:01000014] E|砖块 4
[:01000014] E|水泥 3
[:01000014] E|锤子 3
[:01000014] E|钉子 2
[:01000014] E|油漆 2
[:01000014] E|铲子 7
[:01000014] E|斧头 5
[:01000014] E|锯子 5
[:01000014] E|
 1000359 0
[:01000014] E|玻璃 0
[:01000014] E|砖块 0
[:01000014] E|水泥 2
[:01000014] E|锤子 0
[:01000014] E|钉子 0
[:01000014] E|油漆 0
[:01000014] E|铲子 0
[:01000014] E|斧头 0
[:01000014] E|锯子 0
[:01000014] E|
 1000360 0
[:01000014] E|玻璃 0
[:01000014] E|砖块 0
[:01000014] E|水泥 0
[:01000014] E|锤子 0
[:01000014] E|钉子 0
[:01000014] E|油漆 0
[:01000014] E|铲子 0
[:01000014] E|斧头 0
[:01000014] E|锯子 0
[:01000014] E|
 1000361 0
[:01000014] E|玻璃 0
[:01000014] E|砖块 0
[:01000014] E|水泥 0
[:01000014] E|锤子 0
[:01000014] E|钉子 0
[:01000014] E|油漆 0
[:01000014] E|铲子 0
[:01000014] E|斧头 0
[:01000014] E|锯子 0
[:01000014] E|
 1000362 0
[:01000014] E|玻璃 0
[:01000014] E|砖块 0
[:01000014] E|水泥 0
[:01000014] E|锤子 0
[:01000014] E|钉子 0
[:01000014] E|油漆 0
[:01000014] E|铲子 0
[:01000014] E|斧头 0
[:01000014] E|锯子 0
[:01000014] E|
 1000363 0
[:01000014] E|玻璃 1
[:01000014] E|砖块 2
[:01000014] E|水泥 0
[:01000014] E|锤子 0
[:01000014] E|钉子 0
[:01000014] E|油漆 0
[:01000014] E|铲子 0
[:01000014] E|斧头 0
[:01000014] E|锯子 0
[:01000014] E|
 1000364 0
[:01000014] E|玻璃 0
[:01000014] E|砖块 0
[:01000014] E|水泥 0
[:01000014] E|锤子 0
[:01000014] E|钉子 0
[:01000014] E|油漆 0
[:01000014] E|铲子 0
[:01000014] E|斧头 0
[:01000014] E|锯子 0
[:01000014] E|
 1000365 0
[:01000014] E|玻璃 0
[:01000014] E|砖块 0
[:01000014] E|水泥 0
[:01000014] E|锤子 0
[:01000014] E|钉子 0
[:01000014] E|油漆 0
[:01000014] E|铲子 0
[:01000014] E|斧头 0
[:01000014] E|锯子 0
[:01000014] E|
 1000366 0
[:01000014] E|玻璃 3
[:01000014] E|砖块 4
[:01000014] E|水泥 2
[:01000014] E|锤子 1
[:01000014] E|钉子 0
[:01000014] E|油漆 0
[:01000014] E|铲子 0
[:01000014] E|斧头 0
[:01000014] E|锯子 0
[:01000014] E|
 1000367 0
[:01000014] E|玻璃 0
[:01000014] E|砖块 0
[:01000014] E|水泥 0
[:01000014] E|锤子 0
[:01000014] E|钉子 0
[:01000014] E|油漆 0
[:01000014] E|铲子 0
[:01000014] E|斧头 0
[:01000014] E|锯子 0
[:01000014] E|
 1000368 0
[:01000014] E|玻璃 1
[:01000014] E|砖块 2
[:01000014] E|水泥 0
[:01000014] E|锤子 0
[:01000014] E|钉子 0
[:01000014] E|油漆 0
[:01000014] E|铲子 0
[:01000014] E|斧头 0
[:01000014] E|锯子 0
[:01000014] E|
 1000369 3
[:01000014] E|玻璃 1
[:01000014] E|砖块 7
[:01000014] E|水泥 6
[:01000014] E|锤子 3
[:01000014] E|钉子 5
[:01000014] E|油漆 4
[:01000014] E|铲子 4
[:01000014] E|斧头 8
[:01000014] E|锯子 4
[:01000014] E|
 1000370 0
[:01000014] E|玻璃 1
[:01000014] E|砖块 1
[:01000014] E|水泥 0
[:01000014] E|锤子 0
[:01000014] E|钉子 0
[:01000014] E|油漆 0
[:01000014] E|铲子 0
[:01000014] E|斧头 0
[:01000014] E|锯子 0
[:01000014] E|
 1000371 0
[:01000014] E|玻璃 0
[:01000014] E|砖块 1
[:01000014] E|水泥 0
[:01000014] E|锤子 0
[:01000014] E|钉子 0
[:01000014] E|油漆 0
[:01000014] E|铲子 0
[:01000014] E|斧头 0
[:01000014] E|锯子 0
[:01000014] E|
 1000372 0
[:01000014] E|玻璃 1
[:01000014] E|砖块 1
[:01000014] E|水泥 0
[:01000014] E|锤子 1
[:01000014] E|钉子 0
[:01000014] E|油漆 0
[:01000014] E|铲子 0
[:01000014] E|斧头 0
[:01000014] E|锯子 0
[:01000014] E|
 1000373 0
[:01000014] E|玻璃 2
[:01000014] E|砖块 2
[:01000014] E|水泥 4
[:01000014] E|锤子 1
[:01000014] E|钉子 0
[:01000014] E|油漆 0
[:01000014] E|铲子 1
[:01000014] E|斧头 0
[:01000014] E|锯子 0
[:01000014] E|
 1000374 0
[:01000014] E|玻璃 0
[:01000014] E|砖块 0
[:01000014] E|水泥 0
[:01000014] E|锤子 0
[:01000014] E|钉子 0
[:01000014] E|油漆 0
[:01000014] E|铲子 0
[:01000014] E|斧头 0
[:01000014] E|锯子 0
[:01000014] E|
 1000375 0
[:01000014] E|玻璃 0
[:01000014] E|砖块 0
[:01000014] E|水泥 0
[:01000014] E|锤子 0
[:01000014] E|钉子 0
[:01000014] E|油漆 0
[:01000014] E|铲子 0
[:01000014] E|斧头 0
[:01000014] E|锯子 0
[:01000014] E|
 1000376 0
[:01000014] E|玻璃 0
[:01000014] E|砖块 0
[:01000014] E|水泥 0
[:01000014] E|锤子 0
[:01000014] E|钉子 0
[:01000014] E|油漆 0
[:01000014] E|铲子 0
[:01000014] E|斧头 0
[:01000014] E|锯子 0
[:01000014] E|
 1000377 1
[:01000014] E|玻璃 3
[:01000014] E|砖块 4
[:01000014] E|水泥 5
[:01000014] E|锤子 0
[:01000014] E|钉子 2
[:01000014] E|油漆 3
[:01000014] E|铲子 0
[:01000014] E|斧头 0
[:01000014] E|锯子 0
[:01000014] E|
 1000378 0
[:01000014] E|玻璃 0
[:01000014] E|砖块 0
[:01000014] E|水泥 0
[:01000014] E|锤子 0
[:01000014] E|钉子 0
[:01000014] E|油漆 0
[:01000014] E|铲子 0
[:01000014] E|斧头 0
[:01000014] E|锯子 0
[:01000014] E|
 1000379 0
[:01000014] E|玻璃 0
[:01000014] E|砖块 0
[:01000014] E|水泥 0
[:01000014] E|锤子 0
[:01000014] E|钉子 0
[:01000014] E|油漆 0
[:01000014] E|铲子 0
[:01000014] E|斧头 0
[:01000014] E|锯子 0
[:01000014] E|
 1000380 0
[:01000014] E|玻璃 0
[:01000014] E|砖块 0
[:01000014] E|水泥 0
[:01000014] E|锤子 0
[:01000014] E|钉子 0
[:01000014] E|油漆 0
[:01000014] E|铲子 0
[:01000014] E|斧头 0
[:01000014] E|锯子 0
[:01000014] E|
 1000381 0
[:01000014] E|玻璃 0
[:01000014] E|砖块 0
[:01000014] E|水泥 0
[:01000014] E|锤子 0
[:01000014] E|钉子 0
[:01000014] E|油漆 0
[:01000014] E|铲子 0
[:01000014] E|斧头 0
[:01000014] E|锯子 0
[:01000014] E|
 1000382 0
[:01000014] E|玻璃 0
[:01000014] E|砖块 0
[:01000014] E|水泥 0
[:01000014] E|锤子 0
[:01000014] E|钉子 0
[:01000014] E|油漆 0
[:01000014] E|铲子 0
[:01000014] E|斧头 0
[:01000014] E|锯子 0
[:01000014] E|
 1000383 0
[:01000014] E|玻璃 2
[:01000014] E|砖块 2
[:01000014] E|水泥 0
[:01000014] E|锤子 0
[:01000014] E|钉子 0
[:01000014] E|油漆 0
[:01000014] E|铲子 0
[:01000014] E|斧头 0
[:01000014] E|锯子 0
[:01000014] E|
 1000384 0
[:01000014] E|玻璃 2
[:01000014] E|砖块 3
[:01000014] E|水泥 0
[:01000014] E|锤子 0
[:01000014] E|钉子 0
[:01000014] E|油漆 0
[:01000014] E|铲子 0
[:01000014] E|斧头 0
[:01000014] E|锯子 0
[:01000014] E|
 1000385 2
[:01000014] E|玻璃 2
[:01000014] E|砖块 3
[:01000014] E|水泥 3
[:01000014] E|锤子 5
[:01000014] E|钉子 0
[:01000014] E|油漆 0
[:01000014] E|铲子 2
[:01000014] E|斧头 3
[:01000014] E|锯子 2
[:01000014] E|
 1000386 0
[:01000014] E|玻璃 3
[:01000014] E|砖块 3
[:01000014] E|水泥 2
[:01000014] E|锤子 0
[:01000014] E|钉子 0
[:01000014] E|油漆 2
[:01000014] E|铲子 0
[:01000014] E|斧头 0
[:01000014] E|锯子 0
[:01000014] E|
 1000387 0
[:01000014] E|玻璃 1
[:01000014] E|砖块 1
[:01000014] E|水泥 0
[:01000014] E|锤子 0
[:01000014] E|钉子 0
[:01000014] E|油漆 0
[:01000014] E|铲子 0
[:01000014] E|斧头 0
[:01000014] E|锯子 0
[:01000014] E|
 1000388 3
[:01000014] E|玻璃 5
[:01000014] E|砖块 4
[:01000014] E|水泥 2
[:01000014] E|锤子 1
[:01000014] E|钉子 1
[:01000014] E|油漆 3
[:01000014] E|铲子 1
[:01000014] E|斧头 0
[:01000014] E|锯子 0
[:01000014] E|
 1000389 2
[:01000014] E|玻璃 3
[:01000014] E|砖块 4
[:01000014] E|水泥 4
[:01000014] E|锤子 1
[:01000014] E|钉子 1
[:01000014] E|油漆 0
[:01000014] E|铲子 1
[:01000014] E|斧头 1
[:01000014] E|锯子 0
[:01000014] E|
 1000390 0
[:01000014] E|玻璃 0
[:01000014] E|砖块 1
[:01000014] E|水泥 0
[:01000014] E|锤子 0
[:01000014] E|钉子 0
[:01000014] E|油漆 0
[:01000014] E|铲子 0
[:01000014] E|斧头 0
[:01000014] E|锯子 0
[:01000014] E|
 1000391 0
[:01000014] E|玻璃 0
[:01000014] E|砖块 0
[:01000014] E|水泥 0
[:01000014] E|锤子 0
[:01000014] E|钉子 0
[:01000014] E|油漆 0
[:01000014] E|铲子 0
[:01000014] E|斧头 0
[:01000014] E|锯子 0
[:01000014] E|
 1000392 0
[:01000014] E|玻璃 2
[:01000014] E|砖块 1
[:01000014] E|水泥 0
[:01000014] E|锤子 0
[:01000014] E|钉子 0
[:01000014] E|油漆 1
[:01000014] E|铲子 0
[:01000014] E|斧头 0
[:01000014] E|锯子 0
[:01000014] E|
 1000393 0
[:01000014] E|玻璃 0
[:01000014] E|砖块 0
[:01000014] E|水泥 0
[:01000014] E|锤子 0
[:01000014] E|钉子 0
[:01000014] E|油漆 0
[:01000014] E|铲子 0
[:01000014] E|斧头 0
[:01000014] E|锯子 0
[:01000014] E|
 1000394 0
[:01000014] E|玻璃 0
[:01000014] E|砖块 0
[:01000014] E|水泥 0
[:01000014] E|锤子 0
[:01000014] E|钉子 0
[:01000014] E|油漆 0
[:01000014] E|铲子 0
[:01000014] E|斧头 0
[:01000014] E|锯子 0
[:01000015] LAUNCH snlua subscribed
[:01000015] redis connect sucess
[:01000016] LAUNCH snlua httpd
[:01000017] LAUNCH snlua httpd agent
[:01000018] LAUNCH snlua httpd agent
[:01000016] Listen httpd port 6002
[:01000019] LAUNCH snlua logind
[:0100001a] LAUNCH snlua logind
[:0100001b] LAUNCH snlua logind
[:01000019] login server listen at : 0.0.0.0 6001
[:0100001c] LAUNCH snlua gamed 16777241
[:0100001c] Listen on 0.0.0.0:6666
[:0100001d] LAUNCH snlua agent
[:01000009] KILL self
[:01000002] KILL self
[:0100001e] LAUNCH snlua agent
[:0100001f] LAUNCH snlua agent
[:01000020] LAUNCH snlua agent
[:01000022] LAUNCH snlua agent
[:01000029] LAUNCH snlua agent
[:0100002a] LAUNCH snlua agent
[:0100002b] LAUNCH snlua agent
[:0100002c] LAUNCH snlua agent
[:0100002d] LAUNCH snlua agent
